{"meta": {"format": 3, "version": "7.8.2", "timestamp": "2025-07-21T23:46:46.866656", "branch_coverage": false, "show_contexts": false}, "files": {"src/memmimic/__init__.py": {"executed_lines": [1, 7, 8, 11, 12, 22, 26, 28], "summary": {"covered_lines": 7, "num_statements": 7, "percent_covered": 100.0, "percent_covered_display": "100", "missing_lines": 0, "excluded_lines": 0}, "missing_lines": [], "excluded_lines": [], "functions": {"": {"executed_lines": [1, 7, 8, 11, 12, 22, 26, 28], "summary": {"covered_lines": 7, "num_statements": 7, "percent_covered": 100.0, "percent_covered_display": "100", "missing_lines": 0, "excluded_lines": 0}, "missing_lines": [], "excluded_lines": []}}, "classes": {"": {"executed_lines": [1, 7, 8, 11, 12, 22, 26, 28], "summary": {"covered_lines": 7, "num_statements": 7, "percent_covered": 100.0, "percent_covered_display": "100", "missing_lines": 0, "excluded_lines": 0}, "missing_lines": [], "excluded_lines": []}}}, "src/memmimic/api.py": {"executed_lines": [1, 7, 9, 10, 11, 12, 13, 17, 23, 24, 26, 62, 63, 64, 66, 87, 88, 89, 90, 91, 95, 96, 97, 99, 103, 119, 120, 121, 122, 123, 141, 142, 143, 145, 160, 161, 162, 163, 164, 168, 169, 170, 171, 182, 212, 233, 240, 264, 289], "summary": {"covered_lines": 47, "num_statements": 132, "percent_covered": 35.60606060606061, "percent_covered_display": "36", "missing_lines": 85, "excluded_lines": 0}, "missing_lines": [27, 29, 35, 36, 38, 39, 42, 43, 44, 45, 47, 55, 59, 68, 70, 73, 74, 75, 76, 77, 79, 80, 85, 93, 101, 105, 106, 107, 109, 132, 133, 134, 135, 136, 137, 139, 154, 155, 156, 158, 166, 178, 179, 180, 190, 192, 193, 196, 198, 199, 200, 205, 207, 209, 215, 218, 219, 220, 221, 222, 224, 225, 227, 235, 236, 238, 242, 244, 245, 248, 249, 251, 252, 253, 254, 256, 267, 268, 270, 271, 275, 282, 283, 285, 296], "excluded_lines": [], "functions": {"MemMimicAPI.__init__": {"executed_lines": [], "summary": {"covered_lines": 0, "num_statements": 13, "percent_covered": 0.0, "percent_covered_display": "0", "missing_lines": 13, "excluded_lines": 0}, "missing_lines": [27, 29, 35, 36, 38, 39, 42, 43, 44, 45, 47, 55, 59], "excluded_lines": []}, "MemMimicAPI.remember": {"executed_lines": [], "summary": {"covered_lines": 0, "num_statements": 10, "percent_covered": 0.0, "percent_covered_display": "0", "missing_lines": 10, "excluded_lines": 0}, "missing_lines": [68, 70, 73, 74, 75, 76, 77, 79, 80, 85], "excluded_lines": []}, "MemMimicAPI.recall_cxd": {"executed_lines": [], "summary": {"covered_lines": 0, "num_statements": 1, "percent_covered": 0.0, "percent_covered_display": "0", "missing_lines": 1, "excluded_lines": 0}, "missing_lines": [93], "excluded_lines": []}, "MemMimicAPI.think_with_memory": {"executed_lines": [], "summary": {"covered_lines": 0, "num_statements": 1, "percent_covered": 0.0, "percent_covered_display": "0", "missing_lines": 1, "excluded_lines": 0}, "missing_lines": [101], "excluded_lines": []}, "MemMimicAPI.status": {"executed_lines": [], "summary": {"covered_lines": 0, "num_statements": 4, "percent_covered": 0.0, "percent_covered_display": "0", "missing_lines": 4, "excluded_lines": 0}, "missing_lines": [105, 106, 107, 109], "excluded_lines": []}, "MemMimicAPI.tales": {"executed_lines": [], "summary": {"covered_lines": 0, "num_statements": 7, "percent_covered": 0.0, "percent_covered_display": "0", "missing_lines": 7, "excluded_lines": 0}, "missing_lines": [132, 133, 134, 135, 136, 137, 139], "excluded_lines": []}, "MemMimicAPI.save_tale": {"executed_lines": [], "summary": {"covered_lines": 0, "num_statements": 4, "percent_covered": 0.0, "percent_covered_display": "0", "missing_lines": 4, "excluded_lines": 0}, "missing_lines": [154, 155, 156, 158], "excluded_lines": []}, "MemMimicAPI.load_tale": {"executed_lines": [], "summary": {"covered_lines": 0, "num_statements": 1, "percent_covered": 0.0, "percent_covered_display": "0", "missing_lines": 1, "excluded_lines": 0}, "missing_lines": [166], "excluded_lines": []}, "MemMimicAPI.delete_tale": {"executed_lines": [], "summary": {"covered_lines": 0, "num_statements": 3, "percent_covered": 0.0, "percent_covered_display": "0", "missing_lines": 3, "excluded_lines": 0}, "missing_lines": [178, 179, 180], "excluded_lines": []}, "MemMimicAPI.context_tale": {"executed_lines": [], "summary": {"covered_lines": 0, "num_statements": 10, "percent_covered": 0.0, "percent_covered_display": "0", "missing_lines": 10, "excluded_lines": 0}, "missing_lines": [190, 192, 193, 196, 198, 199, 200, 205, 207, 209], "excluded_lines": []}, "MemMimicAPI.update_memory_guided": {"executed_lines": [], "summary": {"covered_lines": 0, "num_statements": 9, "percent_covered": 0.0, "percent_covered_display": "0", "missing_lines": 9, "excluded_lines": 0}, "missing_lines": [215, 218, 219, 220, 221, 222, 224, 225, 227], "excluded_lines": []}, "MemMimicAPI.delete_memory_guided": {"executed_lines": [], "summary": {"covered_lines": 0, "num_statements": 3, "percent_covered": 0.0, "percent_covered_display": "0", "missing_lines": 3, "excluded_lines": 0}, "missing_lines": [235, 236, 238], "excluded_lines": []}, "MemMimicAPI.analyze_memory_patterns": {"executed_lines": [], "summary": {"covered_lines": 0, "num_statements": 10, "percent_covered": 0.0, "percent_covered_display": "0", "missing_lines": 10, "excluded_lines": 0}, "missing_lines": [242, 244, 245, 248, 249, 251, 252, 253, 254, 256], "excluded_lines": []}, "MemMimicAPI.socratic_dialogue": {"executed_lines": [], "summary": {"covered_lines": 0, "num_statements": 8, "percent_covered": 0.0, "percent_covered_display": "0", "missing_lines": 8, "excluded_lines": 0}, "missing_lines": [267, 268, 270, 271, 275, 282, 283, 285], "excluded_lines": []}, "create_memmimic": {"executed_lines": [], "summary": {"covered_lines": 0, "num_statements": 1, "percent_covered": 0.0, "percent_covered_display": "0", "missing_lines": 1, "excluded_lines": 0}, "missing_lines": [296], "excluded_lines": []}, "": {"executed_lines": [1, 7, 9, 10, 11, 12, 13, 17, 23, 24, 26, 62, 63, 64, 66, 87, 88, 89, 90, 91, 95, 96, 97, 99, 103, 119, 120, 121, 122, 123, 141, 142, 143, 145, 160, 161, 162, 163, 164, 168, 169, 170, 171, 182, 212, 233, 240, 264, 289], "summary": {"covered_lines": 47, "num_statements": 47, "percent_covered": 100.0, "percent_covered_display": "100", "missing_lines": 0, "excluded_lines": 0}, "missing_lines": [], "excluded_lines": []}}, "classes": {"MemMimicAPI": {"executed_lines": [], "summary": {"covered_lines": 0, "num_statements": 84, "percent_covered": 0.0, "percent_covered_display": "0", "missing_lines": 84, "excluded_lines": 0}, "missing_lines": [27, 29, 35, 36, 38, 39, 42, 43, 44, 45, 47, 55, 59, 68, 70, 73, 74, 75, 76, 77, 79, 80, 85, 93, 101, 105, 106, 107, 109, 132, 133, 134, 135, 136, 137, 139, 154, 155, 156, 158, 166, 178, 179, 180, 190, 192, 193, 196, 198, 199, 200, 205, 207, 209, 215, 218, 219, 220, 221, 222, 224, 225, 227, 235, 236, 238, 242, 244, 245, 248, 249, 251, 252, 253, 254, 256, 267, 268, 270, 271, 275, 282, 283, 285], "excluded_lines": []}, "": {"executed_lines": [1, 7, 9, 10, 11, 12, 13, 17, 23, 24, 26, 62, 63, 64, 66, 87, 88, 89, 90, 91, 95, 96, 97, 99, 103, 119, 120, 121, 122, 123, 141, 142, 143, 145, 160, 161, 162, 163, 164, 168, 169, 170, 171, 182, 212, 233, 240, 264, 289], "summary": {"covered_lines": 47, "num_statements": 48, "percent_covered": 97.91666666666667, "percent_covered_display": "98", "missing_lines": 1, "excluded_lines": 0}, "missing_lines": [296], "excluded_lines": []}}}, "src/memmimic/assistant.py": {"executed_lines": [], "summary": {"covered_lines": 0, "num_statements": 163, "percent_covered": 0.0, "percent_covered_display": "0", "missing_lines": 163, "excluded_lines": 0}, "missing_lines": [6, 7, 9, 10, 13, 16, 17, 18, 20, 22, 23, 25, 26, 27, 28, 29, 30, 31, 32, 34, 49, 50, 52, 53, 54, 56, 57, 60, 63, 68, 73, 76, 78, 88, 91, 93, 94, 95, 97, 102, 104, 107, 108, 110, 113, 118, 119, 121, 130, 133, 135, 136, 137, 139, 144, 145, 148, 151, 153, 154, 156, 157, 159, 162, 164, 166, 168, 169, 170, 171, 172, 174, 182, 184, 185, 186, 188, 195, 196, 198, 199, 202, 206, 218, 219, 220, 223, 226, 231, 235, 236, 238, 240, 244, 247, 248, 250, 251, 255, 258, 262, 265, 269, 272, 273, 276, 278, 280, 289, 290, 291, 293, 295, 297, 298, 300, 301, 302, 303, 305, 307, 310, 315, 317, 320, 321, 322, 323, 324, 325, 327, 329, 331, 333, 334, 336, 338, 341, 342, 345, 357, 358, 359, 361, 362, 364, 366, 370, 371, 372, 375, 378, 379, 382, 387, 389, 392, 395, 396, 397, 399, 400, 401], "excluded_lines": [], "functions": {"ContextualAssistant.__init__": {"executed_lines": [], "summary": {"covered_lines": 0, "num_statements": 13, "percent_covered": 0.0, "percent_covered_display": "0", "missing_lines": 13, "excluded_lines": 0}, "missing_lines": [17, 18, 20, 22, 23, 25, 26, 27, 28, 29, 30, 31, 32], "excluded_lines": []}, "ContextualAssistant.think": {"executed_lines": [], "summary": {"covered_lines": 0, "num_statements": 18, "percent_covered": 0.0, "percent_covered_display": "0", "missing_lines": 18, "excluded_lines": 0}, "missing_lines": [49, 50, 52, 53, 54, 56, 57, 60, 63, 68, 73, 76, 78, 88, 91, 93, 94, 95], "excluded_lines": []}, "ContextualAssistant._conduct_socratic_analysis": {"executed_lines": [], "summary": {"covered_lines": 0, "num_statements": 14, "percent_covered": 0.0, "percent_covered_display": "0", "missing_lines": 14, "excluded_lines": 0}, "missing_lines": [102, 104, 107, 108, 110, 113, 118, 119, 121, 130, 133, 135, 136, 137], "excluded_lines": []}, "ContextualAssistant._refine_response": {"executed_lines": [], "summary": {"covered_lines": 0, "num_statements": 11, "percent_covered": 0.0, "percent_covered_display": "0", "missing_lines": 11, "excluded_lines": 0}, "missing_lines": [144, 145, 148, 151, 153, 154, 156, 157, 159, 162, 164], "excluded_lines": []}, "ContextualAssistant._extract_synthesis_insight": {"executed_lines": [], "summary": {"covered_lines": 0, "num_statements": 5, "percent_covered": 0.0, "percent_covered_display": "0", "missing_lines": 5, "excluded_lines": 0}, "missing_lines": [168, 169, 170, 171, 172], "excluded_lines": []}, "ContextualAssistant._save_learning": {"executed_lines": [], "summary": {"covered_lines": 0, "num_statements": 9, "percent_covered": 0.0, "percent_covered_display": "0", "missing_lines": 9, "excluded_lines": 0}, "missing_lines": [182, 184, 185, 186, 188, 195, 196, 198, 199], "excluded_lines": []}, "ContextualAssistant._build_thought_process": {"executed_lines": [], "summary": {"covered_lines": 0, "num_statements": 10, "percent_covered": 0.0, "percent_covered_display": "0", "missing_lines": 10, "excluded_lines": 0}, "missing_lines": [206, 218, 219, 220, 223, 226, 231, 235, 236, 238], "excluded_lines": []}, "ContextualAssistant._generate_response": {"executed_lines": [], "summary": {"covered_lines": 0, "num_statements": 13, "percent_covered": 0.0, "percent_covered_display": "0", "missing_lines": 13, "excluded_lines": 0}, "missing_lines": [244, 247, 248, 250, 251, 255, 258, 262, 265, 269, 272, 273, 276], "excluded_lines": []}, "ContextualAssistant._respond_about_project": {"executed_lines": [], "summary": {"covered_lines": 0, "num_statements": 5, "percent_covered": 0.0, "percent_covered_display": "0", "missing_lines": 5, "excluded_lines": 0}, "missing_lines": [280, 289, 290, 291, 293], "excluded_lines": []}, "ContextualAssistant._respond_with_continuity": {"executed_lines": [], "summary": {"covered_lines": 0, "num_statements": 7, "percent_covered": 0.0, "percent_covered_display": "0", "missing_lines": 7, "excluded_lines": 0}, "missing_lines": [297, 298, 300, 301, 302, 303, 305], "excluded_lines": []}, "ContextualAssistant._respond_with_context": {"executed_lines": [], "summary": {"covered_lines": 0, "num_statements": 11, "percent_covered": 0.0, "percent_covered_display": "0", "missing_lines": 11, "excluded_lines": 0}, "missing_lines": [310, 315, 317, 320, 321, 322, 323, 324, 325, 327, 329], "excluded_lines": []}, "ContextualAssistant._respond_without_context": {"executed_lines": [], "summary": {"covered_lines": 0, "num_statements": 3, "percent_covered": 0.0, "percent_covered_display": "0", "missing_lines": 3, "excluded_lines": 0}, "missing_lines": [333, 334, 336], "excluded_lines": []}, "ContextualAssistant._extract_key_context": {"executed_lines": [], "summary": {"covered_lines": 0, "num_statements": 9, "percent_covered": 0.0, "percent_covered_display": "0", "missing_lines": 9, "excluded_lines": 0}, "missing_lines": [341, 342, 345, 357, 358, 359, 361, 362, 364], "excluded_lines": []}, "ContextualAssistant._calculate_confidence": {"executed_lines": [], "summary": {"covered_lines": 0, "num_statements": 16, "percent_covered": 0.0, "percent_covered_display": "0", "missing_lines": 16, "excluded_lines": 0}, "missing_lines": [370, 371, 372, 375, 378, 379, 382, 387, 389, 392, 395, 396, 397, 399, 400, 401], "excluded_lines": []}, "": {"executed_lines": [], "summary": {"covered_lines": 0, "num_statements": 19, "percent_covered": 0.0, "percent_covered_display": "0", "missing_lines": 19, "excluded_lines": 0}, "missing_lines": [6, 7, 9, 10, 13, 16, 34, 97, 139, 166, 174, 202, 240, 278, 295, 307, 331, 338, 366], "excluded_lines": []}}, "classes": {"ContextualAssistant": {"executed_lines": [], "summary": {"covered_lines": 0, "num_statements": 144, "percent_covered": 0.0, "percent_covered_display": "0", "missing_lines": 144, "excluded_lines": 0}, "missing_lines": [17, 18, 20, 22, 23, 25, 26, 27, 28, 29, 30, 31, 32, 49, 50, 52, 53, 54, 56, 57, 60, 63, 68, 73, 76, 78, 88, 91, 93, 94, 95, 102, 104, 107, 108, 110, 113, 118, 119, 121, 130, 133, 135, 136, 137, 144, 145, 148, 151, 153, 154, 156, 157, 159, 162, 164, 168, 169, 170, 171, 172, 182, 184, 185, 186, 188, 195, 196, 198, 199, 206, 218, 219, 220, 223, 226, 231, 235, 236, 238, 244, 247, 248, 250, 251, 255, 258, 262, 265, 269, 272, 273, 276, 280, 289, 290, 291, 293, 297, 298, 300, 301, 302, 303, 305, 310, 315, 317, 320, 321, 322, 323, 324, 325, 327, 329, 333, 334, 336, 341, 342, 345, 357, 358, 359, 361, 362, 364, 370, 371, 372, 375, 378, 379, 382, 387, 389, 392, 395, 396, 397, 399, 400, 401], "excluded_lines": []}, "": {"executed_lines": [], "summary": {"covered_lines": 0, "num_statements": 19, "percent_covered": 0.0, "percent_covered_display": "0", "missing_lines": 19, "excluded_lines": 0}, "missing_lines": [6, 7, 9, 10, 13, 16, 34, 97, 139, 166, 174, 202, 240, 278, 295, 307, 331, 338, 366], "excluded_lines": []}}}, "src/memmimic/config.py": {"executed_lines": [], "summary": {"covered_lines": 0, "num_statements": 115, "percent_covered": 0.0, "percent_covered_display": "0", "missing_lines": 115, "excluded_lines": 0}, "missing_lines": [7, 8, 9, 10, 12, 15, 16, 19, 20, 21, 24, 25, 26, 29, 30, 33, 34, 35, 38, 39, 40, 43, 44, 47, 48, 49, 52, 53, 56, 57, 58, 59, 60, 62, 64, 71, 74, 75, 78, 79, 80, 81, 84, 87, 94, 95, 96, 97, 99, 101, 102, 104, 105, 108, 109, 112, 114, 116, 118, 122, 123, 124, 126, 127, 128, 129, 130, 131, 132, 133, 134, 137, 139, 140, 142, 146, 147, 157, 158, 168, 169, 178, 179, 182, 191, 195, 201, 208, 210, 212, 213, 214, 217, 221, 222, 225, 226, 227, 229, 230, 231, 233, 235, 236, 237, 239, 241, 258, 261, 264, 265, 266, 269, 272, 273], "excluded_lines": [], "functions": {"ScoringWeightsConfig.validate": {"executed_lines": [], "summary": {"covered_lines": 0, "num_statements": 2, "percent_covered": 0.0, "percent_covered_display": "0", "missing_lines": 2, "excluded_lines": 0}, "missing_lines": [64, 71], "excluded_lines": []}, "ConfigLoader.__init__": {"executed_lines": [], "summary": {"covered_lines": 0, "num_statements": 3, "percent_covered": 0.0, "percent_covered_display": "0", "missing_lines": 3, "excluded_lines": 0}, "missing_lines": [95, 96, 97], "excluded_lines": []}, "ConfigLoader.load_config": {"executed_lines": [], "summary": {"covered_lines": 0, "num_statements": 8, "percent_covered": 0.0, "percent_covered_display": "0", "missing_lines": 8, "excluded_lines": 0}, "missing_lines": [101, 102, 104, 105, 108, 109, 112, 114], "excluded_lines": []}, "ConfigLoader._load_config_file": {"executed_lines": [], "summary": {"covered_lines": 0, "num_statements": 16, "percent_covered": 0.0, "percent_covered_display": "0", "missing_lines": 16, "excluded_lines": 0}, "missing_lines": [118, 122, 123, 124, 126, 127, 128, 129, 130, 131, 132, 133, 134, 137, 139, 140], "excluded_lines": []}, "ConfigLoader._parse_config": {"executed_lines": [], "summary": {"covered_lines": 0, "num_statements": 12, "percent_covered": 0.0, "percent_covered_display": "0", "missing_lines": 12, "excluded_lines": 0}, "missing_lines": [146, 147, 157, 158, 168, 169, 178, 179, 182, 191, 195, 201], "excluded_lines": []}, "ConfigLoader._validate_config": {"executed_lines": [], "summary": {"covered_lines": 0, "num_statements": 17, "percent_covered": 0.0, "percent_covered_display": "0", "missing_lines": 17, "excluded_lines": 0}, "missing_lines": [210, 212, 213, 214, 217, 221, 222, 225, 226, 227, 229, 230, 231, 233, 235, 236, 237], "excluded_lines": []}, "ConfigLoader._get_default_config": {"executed_lines": [], "summary": {"covered_lines": 0, "num_statements": 1, "percent_covered": 0.0, "percent_covered_display": "0", "missing_lines": 1, "excluded_lines": 0}, "missing_lines": [241], "excluded_lines": []}, "get_config": {"executed_lines": [], "summary": {"covered_lines": 0, "num_statements": 3, "percent_covered": 0.0, "percent_covered_display": "0", "missing_lines": 3, "excluded_lines": 0}, "missing_lines": [264, 265, 266], "excluded_lines": []}, "reload_config": {"executed_lines": [], "summary": {"covered_lines": 0, "num_statements": 2, "percent_covered": 0.0, "percent_covered_display": "0", "missing_lines": 2, "excluded_lines": 0}, "missing_lines": [272, 273], "excluded_lines": []}, "": {"executed_lines": [], "summary": {"covered_lines": 0, "num_statements": 51, "percent_covered": 0.0, "percent_covered_display": "0", "missing_lines": 51, "excluded_lines": 0}, "missing_lines": [7, 8, 9, 10, 12, 15, 16, 19, 20, 21, 24, 25, 26, 29, 30, 33, 34, 35, 38, 39, 40, 43, 44, 47, 48, 49, 52, 53, 56, 57, 58, 59, 60, 62, 74, 75, 78, 79, 80, 81, 84, 87, 94, 99, 116, 142, 208, 239, 258, 261, 269], "excluded_lines": []}}, "classes": {"ActiveMemoryPoolConfig": {"executed_lines": [], "summary": {"covered_lines": 0, "num_statements": 0, "percent_covered": 100.0, "percent_covered_display": "100", "missing_lines": 0, "excluded_lines": 0}, "missing_lines": [], "excluded_lines": []}, "CleanupPoliciesConfig": {"executed_lines": [], "summary": {"covered_lines": 0, "num_statements": 0, "percent_covered": 100.0, "percent_covered_display": "100", "missing_lines": 0, "excluded_lines": 0}, "missing_lines": [], "excluded_lines": []}, "RetentionPolicyConfig": {"executed_lines": [], "summary": {"covered_lines": 0, "num_statements": 0, "percent_covered": 100.0, "percent_covered_display": "100", "missing_lines": 0, "excluded_lines": 0}, "missing_lines": [], "excluded_lines": []}, "ScoringWeightsConfig": {"executed_lines": [], "summary": {"covered_lines": 0, "num_statements": 2, "percent_covered": 0.0, "percent_covered_display": "0", "missing_lines": 2, "excluded_lines": 0}, "missing_lines": [64, 71], "excluded_lines": []}, "MemMimicConfig": {"executed_lines": [], "summary": {"covered_lines": 0, "num_statements": 0, "percent_covered": 100.0, "percent_covered_display": "100", "missing_lines": 0, "excluded_lines": 0}, "missing_lines": [], "excluded_lines": []}, "ConfigLoader": {"executed_lines": [], "summary": {"covered_lines": 0, "num_statements": 57, "percent_covered": 0.0, "percent_covered_display": "0", "missing_lines": 57, "excluded_lines": 0}, "missing_lines": [95, 96, 97, 101, 102, 104, 105, 108, 109, 112, 114, 118, 122, 123, 124, 126, 127, 128, 129, 130, 131, 132, 133, 134, 137, 139, 140, 146, 147, 157, 158, 168, 169, 178, 179, 182, 191, 195, 201, 210, 212, 213, 214, 217, 221, 222, 225, 226, 227, 229, 230, 231, 233, 235, 236, 237, 241], "excluded_lines": []}, "": {"executed_lines": [], "summary": {"covered_lines": 0, "num_statements": 56, "percent_covered": 0.0, "percent_covered_display": "0", "missing_lines": 56, "excluded_lines": 0}, "missing_lines": [7, 8, 9, 10, 12, 15, 16, 19, 20, 21, 24, 25, 26, 29, 30, 33, 34, 35, 38, 39, 40, 43, 44, 47, 48, 49, 52, 53, 56, 57, 58, 59, 60, 62, 74, 75, 78, 79, 80, 81, 84, 87, 94, 99, 116, 142, 208, 239, 258, 261, 264, 265, 266, 269, 272, 273], "excluded_lines": []}}}, "src/memmimic/config/__init__.py": {"executed_lines": [1, 8, 9, 10, 11, 14, 23, 24, 26, 30, 42, 54, 108, 121, 125, 129, 130, 134, 135, 139, 140, 144, 145, 149, 150, 156, 158, 165, 173], "summary": {"covered_lines": 27, "num_statements": 61, "percent_covered": 44.26229508196721, "percent_covered_display": "44", "missing_lines": 34, "excluded_lines": 0}, "missing_lines": [27, 28, 33, 34, 36, 37, 40, 44, 45, 46, 47, 48, 49, 52, 56, 110, 111, 113, 114, 115, 117, 119, 123, 127, 132, 137, 142, 147, 152, 161, 162, 163, 168, 169], "excluded_lines": [], "functions": {"PerformanceConfig.__init__": {"executed_lines": [], "summary": {"covered_lines": 0, "num_statements": 2, "percent_covered": 0.0, "percent_covered_display": "0", "missing_lines": 2, "excluded_lines": 0}, "missing_lines": [27, 28], "excluded_lines": []}, "PerformanceConfig._get_default_config_path": {"executed_lines": [], "summary": {"covered_lines": 0, "num_statements": 5, "percent_covered": 0.0, "percent_covered_display": "0", "missing_lines": 5, "excluded_lines": 0}, "missing_lines": [33, 34, 36, 37, 40], "excluded_lines": []}, "PerformanceConfig._load_config": {"executed_lines": [], "summary": {"covered_lines": 0, "num_statements": 7, "percent_covered": 0.0, "percent_covered_display": "0", "missing_lines": 7, "excluded_lines": 0}, "missing_lines": [44, 45, 46, 47, 48, 49, 52], "excluded_lines": []}, "PerformanceConfig._get_default_config": {"executed_lines": [], "summary": {"covered_lines": 0, "num_statements": 1, "percent_covered": 0.0, "percent_covered_display": "0", "missing_lines": 1, "excluded_lines": 0}, "missing_lines": [56], "excluded_lines": []}, "PerformanceConfig.get": {"executed_lines": [], "summary": {"covered_lines": 0, "num_statements": 7, "percent_covered": 0.0, "percent_covered_display": "0", "missing_lines": 7, "excluded_lines": 0}, "missing_lines": [110, 111, 113, 114, 115, 117, 119], "excluded_lines": []}, "PerformanceConfig.get_section": {"executed_lines": [], "summary": {"covered_lines": 0, "num_statements": 1, "percent_covered": 0.0, "percent_covered_display": "0", "missing_lines": 1, "excluded_lines": 0}, "missing_lines": [123], "excluded_lines": []}, "PerformanceConfig.reload": {"executed_lines": [], "summary": {"covered_lines": 0, "num_statements": 1, "percent_covered": 0.0, "percent_covered_display": "0", "missing_lines": 1, "excluded_lines": 0}, "missing_lines": [127], "excluded_lines": []}, "PerformanceConfig.database_config": {"executed_lines": [], "summary": {"covered_lines": 0, "num_statements": 1, "percent_covered": 0.0, "percent_covered_display": "0", "missing_lines": 1, "excluded_lines": 0}, "missing_lines": [132], "excluded_lines": []}, "PerformanceConfig.memory_config": {"executed_lines": [], "summary": {"covered_lines": 0, "num_statements": 1, "percent_covered": 0.0, "percent_covered_display": "0", "missing_lines": 1, "excluded_lines": 0}, "missing_lines": [137], "excluded_lines": []}, "PerformanceConfig.cxd_config": {"executed_lines": [], "summary": {"covered_lines": 0, "num_statements": 1, "percent_covered": 0.0, "percent_covered_display": "0", "missing_lines": 1, "excluded_lines": 0}, "missing_lines": [142], "excluded_lines": []}, "PerformanceConfig.tales_config": {"executed_lines": [], "summary": {"covered_lines": 0, "num_statements": 1, "percent_covered": 0.0, "percent_covered_display": "0", "missing_lines": 1, "excluded_lines": 0}, "missing_lines": [147], "excluded_lines": []}, "PerformanceConfig.monitoring_config": {"executed_lines": [], "summary": {"covered_lines": 0, "num_statements": 1, "percent_covered": 0.0, "percent_covered_display": "0", "missing_lines": 1, "excluded_lines": 0}, "missing_lines": [152], "excluded_lines": []}, "get_performance_config": {"executed_lines": [], "summary": {"covered_lines": 0, "num_statements": 3, "percent_covered": 0.0, "percent_covered_display": "0", "missing_lines": 3, "excluded_lines": 0}, "missing_lines": [161, 162, 163], "excluded_lines": []}, "reload_config": {"executed_lines": [], "summary": {"covered_lines": 0, "num_statements": 2, "percent_covered": 0.0, "percent_covered_display": "0", "missing_lines": 2, "excluded_lines": 0}, "missing_lines": [168, 169], "excluded_lines": []}, "": {"executed_lines": [1, 8, 9, 10, 11, 14, 23, 24, 26, 30, 42, 54, 108, 121, 125, 129, 130, 134, 135, 139, 140, 144, 145, 149, 150, 156, 158, 165, 173], "summary": {"covered_lines": 27, "num_statements": 27, "percent_covered": 100.0, "percent_covered_display": "100", "missing_lines": 0, "excluded_lines": 0}, "missing_lines": [], "excluded_lines": []}}, "classes": {"PerformanceConfig": {"executed_lines": [], "summary": {"covered_lines": 0, "num_statements": 29, "percent_covered": 0.0, "percent_covered_display": "0", "missing_lines": 29, "excluded_lines": 0}, "missing_lines": [27, 28, 33, 34, 36, 37, 40, 44, 45, 46, 47, 48, 49, 52, 56, 110, 111, 113, 114, 115, 117, 119, 123, 127, 132, 137, 142, 147, 152], "excluded_lines": []}, "": {"executed_lines": [1, 8, 9, 10, 11, 14, 23, 24, 26, 30, 42, 54, 108, 121, 125, 129, 130, 134, 135, 139, 140, 144, 145, 149, 150, 156, 158, 165, 173], "summary": {"covered_lines": 27, "num_statements": 32, "percent_covered": 84.375, "percent_covered_display": "84", "missing_lines": 5, "excluded_lines": 0}, "missing_lines": [161, 162, 163, 168, 169], "excluded_lines": []}}}, "src/memmimic/config/security.py": {"executed_lines": [1, 8, 9, 10, 11, 12, 13, 16, 19, 20, 21, 24, 25, 26, 29, 30, 31, 32, 33, 34, 35, 36, 37, 40, 41, 42, 45, 46, 48, 53, 91, 100, 109, 123, 149, 169, 170, 198, 238, 253, 259, 262, 270, 296, 326, 353], "summary": {"covered_lines": 43, "num_statements": 171, "percent_covered": 25.146198830409357, "percent_covered_display": "25", "missing_lines": 128, "excluded_lines": 0}, "missing_lines": [50, 51, 55, 63, 64, 65, 66, 67, 68, 72, 73, 78, 79, 83, 85, 86, 93, 98, 103, 104, 105, 106, 107, 111, 112, 117, 118, 125, 137, 139, 140, 141, 142, 144, 145, 147, 151, 153, 154, 155, 157, 158, 159, 164, 165, 167, 172, 173, 175, 177, 178, 179, 181, 182, 183, 184, 185, 186, 188, 212, 213, 214, 215, 217, 220, 235, 240, 241, 242, 243, 244, 245, 246, 247, 248, 249, 250, 255, 265, 266, 267, 283, 285, 286, 288, 289, 290, 293, 298, 299, 302, 303, 304, 306, 307, 308, 309, 310, 312, 323, 329, 332, 333, 335, 336, 338, 339, 341, 342, 344, 345, 347, 348, 350, 356, 358, 359, 361, 362, 364, 365, 367, 368, 370, 371, 373, 374, 376], "excluded_lines": [], "functions": {"SecureCredentials.__post_init__": {"executed_lines": [], "summary": {"covered_lines": 0, "num_statements": 2, "percent_covered": 0.0, "percent_covered_display": "0", "missing_lines": 2, "excluded_lines": 0}, "missing_lines": [50, 51], "excluded_lines": []}, "SecureCredentials._validate_credentials": {"executed_lines": [], "summary": {"covered_lines": 0, "num_statements": 14, "percent_covered": 0.0, "percent_covered_display": "0", "missing_lines": 14, "excluded_lines": 0}, "missing_lines": [55, 63, 64, 65, 66, 67, 68, 72, 73, 78, 79, 83, 85, 86], "excluded_lines": []}, "SecureCredentials._is_placeholder": {"executed_lines": [], "summary": {"covered_lines": 0, "num_statements": 2, "percent_covered": 0.0, "percent_covered_display": "0", "missing_lines": 2, "excluded_lines": 0}, "missing_lines": [93, 98], "excluded_lines": []}, "SecureCredentials._looks_like_exposed_key": {"executed_lines": [], "summary": {"covered_lines": 0, "num_statements": 5, "percent_covered": 0.0, "percent_covered_display": "0", "missing_lines": 5, "excluded_lines": 0}, "missing_lines": [103, 104, 105, 106, 107], "excluded_lines": []}, "SecureCredentials._check_security_best_practices": {"executed_lines": [], "summary": {"covered_lines": 0, "num_statements": 4, "percent_covered": 0.0, "percent_covered_display": "0", "missing_lines": 4, "excluded_lines": 0}, "missing_lines": [111, 112, 117, 118], "excluded_lines": []}, "SecureCredentials.get_api_key": {"executed_lines": [], "summary": {"covered_lines": 0, "num_statements": 9, "percent_covered": 0.0, "percent_covered_display": "0", "missing_lines": 9, "excluded_lines": 0}, "missing_lines": [125, 137, 139, 140, 141, 142, 144, 145, 147], "excluded_lines": []}, "SecureCredentials.validate_required_keys": {"executed_lines": [], "summary": {"covered_lines": 0, "num_statements": 10, "percent_covered": 0.0, "percent_covered_display": "0", "missing_lines": 10, "excluded_lines": 0}, "missing_lines": [151, 153, 154, 155, 157, 158, 159, 164, 165, 167], "excluded_lines": []}, "SecureCredentials.security_summary": {"executed_lines": [], "summary": {"covered_lines": 0, "num_statements": 13, "percent_covered": 0.0, "percent_covered_display": "0", "missing_lines": 13, "excluded_lines": 0}, "missing_lines": [172, 173, 175, 177, 178, 179, 181, 182, 183, 184, 185, 186, 188], "excluded_lines": []}, "load_secure_credentials": {"executed_lines": [], "summary": {"covered_lines": 0, "num_statements": 7, "percent_covered": 0.0, "percent_covered_display": "0", "missing_lines": 7, "excluded_lines": 0}, "missing_lines": [212, 213, 214, 215, 217, 220, 235], "excluded_lines": []}, "_load_env_file": {"executed_lines": [], "summary": {"covered_lines": 0, "num_statements": 11, "percent_covered": 0.0, "percent_covered_display": "0", "missing_lines": 11, "excluded_lines": 0}, "missing_lines": [240, 241, 242, 243, 244, 245, 246, 247, 248, 249, 250], "excluded_lines": []}, "_parse_bool": {"executed_lines": [], "summary": {"covered_lines": 0, "num_statements": 1, "percent_covered": 0.0, "percent_covered_display": "0", "missing_lines": 1, "excluded_lines": 0}, "missing_lines": [255], "excluded_lines": []}, "get_credentials": {"executed_lines": [], "summary": {"covered_lines": 0, "num_statements": 3, "percent_covered": 0.0, "percent_covered_display": "0", "missing_lines": 3, "excluded_lines": 0}, "missing_lines": [265, 266, 267], "excluded_lines": []}, "initialize_credentials": {"executed_lines": [], "summary": {"covered_lines": 0, "num_statements": 7, "percent_covered": 0.0, "percent_covered_display": "0", "missing_lines": 7, "excluded_lines": 0}, "missing_lines": [283, 285, 286, 288, 289, 290, 293], "excluded_lines": []}, "audit_credential_security": {"executed_lines": [], "summary": {"covered_lines": 0, "num_statements": 12, "percent_covered": 0.0, "percent_covered_display": "0", "missing_lines": 12, "excluded_lines": 0}, "missing_lines": [298, 299, 302, 303, 304, 306, 307, 308, 309, 310, 312, 323], "excluded_lines": []}, "_calculate_security_score": {"executed_lines": [], "summary": {"covered_lines": 0, "num_statements": 14, "percent_covered": 0.0, "percent_covered_display": "0", "missing_lines": 14, "excluded_lines": 0}, "missing_lines": [329, 332, 333, 335, 336, 338, 339, 341, 342, 344, 345, 347, 348, 350], "excluded_lines": []}, "_generate_security_recommendations": {"executed_lines": [], "summary": {"covered_lines": 0, "num_statements": 14, "percent_covered": 0.0, "percent_covered_display": "0", "missing_lines": 14, "excluded_lines": 0}, "missing_lines": [356, 358, 359, 361, 362, 364, 365, 367, 368, 370, 371, 373, 374, 376], "excluded_lines": []}, "": {"executed_lines": [1, 8, 9, 10, 11, 12, 13, 16, 19, 20, 21, 24, 25, 26, 29, 30, 31, 32, 33, 34, 35, 36, 37, 40, 41, 42, 45, 46, 48, 53, 91, 100, 109, 123, 149, 169, 170, 198, 238, 253, 259, 262, 270, 296, 326, 353], "summary": {"covered_lines": 43, "num_statements": 43, "percent_covered": 100.0, "percent_covered_display": "100", "missing_lines": 0, "excluded_lines": 0}, "missing_lines": [], "excluded_lines": []}}, "classes": {"CredentialSecurityError": {"executed_lines": [], "summary": {"covered_lines": 0, "num_statements": 0, "percent_covered": 100.0, "percent_covered_display": "100", "missing_lines": 0, "excluded_lines": 0}, "missing_lines": [], "excluded_lines": []}, "SecureCredentials": {"executed_lines": [], "summary": {"covered_lines": 0, "num_statements": 59, "percent_covered": 0.0, "percent_covered_display": "0", "missing_lines": 59, "excluded_lines": 0}, "missing_lines": [50, 51, 55, 63, 64, 65, 66, 67, 68, 72, 73, 78, 79, 83, 85, 86, 93, 98, 103, 104, 105, 106, 107, 111, 112, 117, 118, 125, 137, 139, 140, 141, 142, 144, 145, 147, 151, 153, 154, 155, 157, 158, 159, 164, 165, 167, 172, 173, 175, 177, 178, 179, 181, 182, 183, 184, 185, 186, 188], "excluded_lines": []}, "": {"executed_lines": [1, 8, 9, 10, 11, 12, 13, 16, 19, 20, 21, 24, 25, 26, 29, 30, 31, 32, 33, 34, 35, 36, 37, 40, 41, 42, 45, 46, 48, 53, 91, 100, 109, 123, 149, 169, 170, 198, 238, 253, 259, 262, 270, 296, 326, 353], "summary": {"covered_lines": 43, "num_statements": 112, "percent_covered": 38.392857142857146, "percent_covered_display": "38", "missing_lines": 69, "excluded_lines": 0}, "missing_lines": [212, 213, 214, 215, 217, 220, 235, 240, 241, 242, 243, 244, 245, 246, 247, 248, 249, 250, 255, 265, 266, 267, 283, 285, 286, 288, 289, 290, 293, 298, 299, 302, 303, 304, 306, 307, 308, 309, 310, 312, 323, 329, 332, 333, 335, 336, 338, 339, 341, 342, 344, 345, 347, 348, 350, 356, 358, 359, 361, 362, 364, 365, 367, 368, 370, 371, 373, 374, 376], "excluded_lines": []}}}, "src/memmimic/cxd/__init__.py": {"executed_lines": [1, 7, 8, 9, 14, 15, 17], "summary": {"covered_lines": 6, "num_statements": 6, "percent_covered": 100.0, "percent_covered_display": "100", "missing_lines": 0, "excluded_lines": 0}, "missing_lines": [], "excluded_lines": [], "functions": {"": {"executed_lines": [1, 7, 8, 9, 14, 15, 17], "summary": {"covered_lines": 6, "num_statements": 6, "percent_covered": 100.0, "percent_covered_display": "100", "missing_lines": 0, "excluded_lines": 0}, "missing_lines": [], "excluded_lines": []}}, "classes": {"": {"executed_lines": [1, 7, 8, 9, 14, 15, 17], "summary": {"covered_lines": 6, "num_statements": 6, "percent_covered": 100.0, "percent_covered_display": "100", "missing_lines": 0, "excluded_lines": 0}, "missing_lines": [], "excluded_lines": []}}}, "src/memmimic/cxd/classifiers/__init__.py": {"executed_lines": [1, 8, 9, 10, 15, 16, 19, 20, 22, 27, 41, 42], "summary": {"covered_lines": 11, "num_statements": 14, "percent_covered": 78.57142857142857, "percent_covered_display": "79", "missing_lines": 3, "excluded_lines": 0}, "missing_lines": [23, 24, 25], "excluded_lines": [], "functions": {"": {"executed_lines": [1, 8, 9, 10, 15, 16, 19, 20, 22, 27, 41, 42], "summary": {"covered_lines": 11, "num_statements": 14, "percent_covered": 78.57142857142857, "percent_covered_display": "79", "missing_lines": 3, "excluded_lines": 0}, "missing_lines": [23, 24, 25], "excluded_lines": []}}, "classes": {"": {"executed_lines": [1, 8, 9, 10, 15, 16, 19, 20, 22, 27, 41, 42], "summary": {"covered_lines": 11, "num_statements": 14, "percent_covered": 78.57142857142857, "percent_covered_display": "79", "missing_lines": 3, "excluded_lines": 0}, "missing_lines": [23, 24, 25], "excluded_lines": []}}}, "src/memmimic/cxd/classifiers/factory.py": {"executed_lines": [3, 5, 11, 16, 17, 18, 22, 23, 26, 38, 39, 44, 45], "summary": {"covered_lines": 12, "num_statements": 37, "percent_covered": 32.432432432432435, "percent_covered_display": "32", "missing_lines": 25, "excluded_lines": 0}, "missing_lines": [73, 74, 75, 77, 78, 81, 83, 84, 86, 88, 89, 92, 94, 95, 97, 99, 102, 103, 105, 106, 108, 112, 113, 115, 120], "excluded_lines": [], "functions": {"CXDClassifierFactory.create": {"executed_lines": [], "summary": {"covered_lines": 0, "num_statements": 25, "percent_covered": 0.0, "percent_covered_display": "0", "missing_lines": 25, "excluded_lines": 0}, "missing_lines": [73, 74, 75, 77, 78, 81, 83, 84, 86, 88, 89, 92, 94, 95, 97, 99, 102, 103, 105, 106, 108, 112, 113, 115, 120], "excluded_lines": []}, "": {"executed_lines": [3, 5, 11, 16, 17, 18, 22, 23, 26, 38, 39, 44, 45], "summary": {"covered_lines": 12, "num_statements": 12, "percent_covered": 100.0, "percent_covered_display": "100", "missing_lines": 0, "excluded_lines": 0}, "missing_lines": [], "excluded_lines": []}}, "classes": {"CXDClassifierFactory": {"executed_lines": [], "summary": {"covered_lines": 0, "num_statements": 25, "percent_covered": 0.0, "percent_covered_display": "0", "missing_lines": 25, "excluded_lines": 0}, "missing_lines": [73, 74, 75, 77, 78, 81, 83, 84, 86, 88, 89, 92, 94, 95, 97, 99, 102, 103, 105, 106, 108, 112, 113, 115, 120], "excluded_lines": []}, "": {"executed_lines": [3, 5, 11, 16, 17, 18, 22, 23, 26, 38, 39, 44, 45], "summary": {"covered_lines": 12, "num_statements": 12, "percent_covered": 100.0, "percent_covered_display": "100", "missing_lines": 0, "excluded_lines": 0}, "missing_lines": [], "excluded_lines": []}}}, "src/memmimic/cxd/classifiers/lexical.py": {"executed_lines": [1, 8, 9, 10, 11, 13, 14, 15, 17, 20, 21, 28, 57, 242, 375, 449, 486, 507, 574, 617, 627, 665, 688, 717], "summary": {"covered_lines": 22, "num_statements": 124, "percent_covered": 17.741935483870968, "percent_covered_display": "18", "missing_lines": 102, "excluded_lines": 0}, "missing_lines": [35, 38, 39, 40, 43, 44, 47, 55, 64, 249, 382, 459, 461, 462, 465, 468, 469, 471, 472, 473, 474, 475, 478, 481, 482, 484, 497, 500, 505, 520, 521, 522, 525, 526, 527, 528, 529, 531, 532, 533, 534, 535, 538, 539, 544, 545, 546, 547, 548, 549, 552, 553, 558, 559, 560, 561, 562, 565, 567, 568, 570, 572, 589, 591, 593, 594, 595, 596, 597, 598, 600, 603, 610, 613, 615, 621, 622, 624, 625, 634, 636, 637, 638, 648, 649, 650, 651, 654, 655, 656, 657, 658, 661, 663, 672, 686, 698, 699, 705, 706, 707, 713], "excluded_lines": [], "functions": {"LexicalCXDClassifier.__init__": {"executed_lines": [], "summary": {"covered_lines": 0, "num_statements": 8, "percent_covered": 0.0, "percent_covered_display": "0", "missing_lines": 8, "excluded_lines": 0}, "missing_lines": [35, 38, 39, 40, 43, 44, 47, 55], "excluded_lines": []}, "LexicalCXDClassifier._build_patterns": {"executed_lines": [], "summary": {"covered_lines": 0, "num_statements": 1, "percent_covered": 0.0, "percent_covered_display": "0", "missing_lines": 1, "excluded_lines": 0}, "missing_lines": [64], "excluded_lines": []}, "LexicalCXDClassifier._build_keywords": {"executed_lines": [], "summary": {"covered_lines": 0, "num_statements": 1, "percent_covered": 0.0, "percent_covered_display": "0", "missing_lines": 1, "excluded_lines": 0}, "missing_lines": [249], "excluded_lines": []}, "LexicalCXDClassifier._build_indicators": {"executed_lines": [], "summary": {"covered_lines": 0, "num_statements": 1, "percent_covered": 0.0, "percent_covered_display": "0", "missing_lines": 1, "excluded_lines": 0}, "missing_lines": [382], "excluded_lines": []}, "LexicalCXDClassifier.classify": {"executed_lines": [], "summary": {"covered_lines": 0, "num_statements": 15, "percent_covered": 0.0, "percent_covered_display": "0", "missing_lines": 15, "excluded_lines": 0}, "missing_lines": [459, 461, 462, 465, 468, 469, 471, 472, 473, 474, 475, 478, 481, 482, 484], "excluded_lines": []}, "LexicalCXDClassifier._normalize_text": {"executed_lines": [], "summary": {"covered_lines": 0, "num_statements": 3, "percent_covered": 0.0, "percent_covered_display": "0", "missing_lines": 3, "excluded_lines": 0}, "missing_lines": [497, 500, 505], "excluded_lines": []}, "LexicalCXDClassifier._analyze_function": {"executed_lines": [], "summary": {"covered_lines": 0, "num_statements": 33, "percent_covered": 0.0, "percent_covered_display": "0", "missing_lines": 33, "excluded_lines": 0}, "missing_lines": [520, 521, 522, 525, 526, 527, 528, 529, 531, 532, 533, 534, 535, 538, 539, 544, 545, 546, 547, 548, 549, 552, 553, 558, 559, 560, 561, 562, 565, 567, 568, 570, 572], "excluded_lines": []}, "LexicalCXDClassifier._create_tags": {"executed_lines": [], "summary": {"covered_lines": 0, "num_statements": 13, "percent_covered": 0.0, "percent_covered_display": "0", "missing_lines": 13, "excluded_lines": 0}, "missing_lines": [589, 591, 593, 594, 595, 596, 597, 598, 600, 603, 610, 613, 615], "excluded_lines": []}, "LexicalCXDClassifier._update_stats": {"executed_lines": [], "summary": {"covered_lines": 0, "num_statements": 4, "percent_covered": 0.0, "percent_covered_display": "0", "missing_lines": 4, "excluded_lines": 0}, "missing_lines": [621, 622, 624, 625], "excluded_lines": []}, "LexicalCXDClassifier.get_performance_stats": {"executed_lines": [], "summary": {"covered_lines": 0, "num_statements": 15, "percent_covered": 0.0, "percent_covered_display": "0", "missing_lines": 15, "excluded_lines": 0}, "missing_lines": [634, 636, 637, 638, 648, 649, 650, 651, 654, 655, 656, 657, 658, 661, 663], "excluded_lines": []}, "LexicalCXDClassifier.get_pattern_info": {"executed_lines": [], "summary": {"covered_lines": 0, "num_statements": 2, "percent_covered": 0.0, "percent_covered_display": "0", "missing_lines": 2, "excluded_lines": 0}, "missing_lines": [672, 686], "excluded_lines": []}, "LexicalCXDClassifier.explain_classification": {"executed_lines": [], "summary": {"covered_lines": 0, "num_statements": 6, "percent_covered": 0.0, "percent_covered_display": "0", "missing_lines": 6, "excluded_lines": 0}, "missing_lines": [698, 699, 705, 706, 707, 713], "excluded_lines": []}, "": {"executed_lines": [1, 8, 9, 10, 11, 13, 14, 15, 17, 20, 21, 28, 57, 242, 375, 449, 486, 507, 574, 617, 627, 665, 688, 717], "summary": {"covered_lines": 22, "num_statements": 22, "percent_covered": 100.0, "percent_covered_display": "100", "missing_lines": 0, "excluded_lines": 0}, "missing_lines": [], "excluded_lines": []}}, "classes": {"LexicalCXDClassifier": {"executed_lines": [], "summary": {"covered_lines": 0, "num_statements": 102, "percent_covered": 0.0, "percent_covered_display": "0", "missing_lines": 102, "excluded_lines": 0}, "missing_lines": [35, 38, 39, 40, 43, 44, 47, 55, 64, 249, 382, 459, 461, 462, 465, 468, 469, 471, 472, 473, 474, 475, 478, 481, 482, 484, 497, 500, 505, 520, 521, 522, 525, 526, 527, 528, 529, 531, 532, 533, 534, 535, 538, 539, 544, 545, 546, 547, 548, 549, 552, 553, 558, 559, 560, 561, 562, 565, 567, 568, 570, 572, 589, 591, 593, 594, 595, 596, 597, 598, 600, 603, 610, 613, 615, 621, 622, 624, 625, 634, 636, 637, 638, 648, 649, 650, 651, 654, 655, 656, 657, 658, 661, 663, 672, 686, 698, 699, 705, 706, 707, 713], "excluded_lines": []}, "": {"executed_lines": [1, 8, 9, 10, 11, 13, 14, 15, 17, 20, 21, 28, 57, 242, 375, 449, 486, 507, 574, 617, 627, 665, 688, 717], "summary": {"covered_lines": 22, "num_statements": 22, "percent_covered": 100.0, "percent_covered_display": "100", "missing_lines": 0, "excluded_lines": 0}, "missing_lines": [], "excluded_lines": []}}}, "src/memmimic/cxd/classifiers/meta.py": {"executed_lines": [1, 8, 9, 10, 12, 13, 14, 21, 22, 24, 27, 28, 36, 82, 98, 173, 225, 296, 331, 377, 426, 432, 453, 516, 591, 614], "summary": {"covered_lines": 24, "num_statements": 175, "percent_covered": 13.714285714285714, "percent_covered_display": "14", "missing_lines": 151, "excluded_lines": 0}, "missing_lines": [50, 53, 56, 61, 62, 63, 64, 67, 78, 95, 96, 108, 110, 111, 112, 128, 129, 132, 135, 140, 148, 151, 154, 186, 187, 189, 190, 193, 195, 198, 203, 204, 207, 208, 209, 210, 211, 212, 215, 216, 217, 218, 219, 220, 223, 244, 246, 248, 251, 253, 257, 260, 266, 267, 272, 274, 275, 278, 281, 283, 285, 291, 292, 294, 307, 310, 311, 312, 315, 316, 317, 323, 324, 325, 329, 342, 345, 346, 348, 354, 356, 357, 360, 361, 362, 364, 365, 366, 371, 375, 391, 393, 395, 401, 404, 405, 408, 411, 415, 418, 419, 420, 421, 422, 424, 428, 429, 430, 436, 437, 438, 441, 442, 444, 447, 448, 449, 451, 460, 463, 464, 465, 475, 476, 477, 486, 487, 488, 498, 499, 502, 503, 504, 506, 507, 510, 511, 512, 514, 526, 528, 589, 598, 599, 600, 601, 604, 605, 607, 608, 610], "excluded_lines": [], "functions": {"MetaCXDClassifier.__init__": {"executed_lines": [], "summary": {"covered_lines": 0, "num_statements": 9, "percent_covered": 0.0, "percent_covered_display": "0", "missing_lines": 9, "excluded_lines": 0}, "missing_lines": [50, 53, 56, 61, 62, 63, 64, 67, 78], "excluded_lines": []}, "MetaCXDClassifier.classify": {"executed_lines": [], "summary": {"covered_lines": 0, "num_statements": 2, "percent_covered": 0.0, "percent_covered_display": "0", "missing_lines": 2, "excluded_lines": 0}, "missing_lines": [95, 96], "excluded_lines": []}, "MetaCXDClassifier.classify_detailed": {"executed_lines": [], "summary": {"covered_lines": 0, "num_statements": 12, "percent_covered": 0.0, "percent_covered_display": "0", "missing_lines": 12, "excluded_lines": 0}, "missing_lines": [108, 110, 111, 112, 128, 129, 132, 135, 140, 148, 151, 154], "excluded_lines": []}, "MetaCXDClassifier._analyze_concordance": {"executed_lines": [], "summary": {"covered_lines": 0, "num_statements": 22, "percent_covered": 0.0, "percent_covered_display": "0", "missing_lines": 22, "excluded_lines": 0}, "missing_lines": [186, 187, 189, 190, 193, 195, 198, 203, 204, 207, 208, 209, 210, 211, 212, 215, 216, 217, 218, 219, 220, 223], "excluded_lines": []}, "MetaCXDClassifier._resolve_conflicts": {"executed_lines": [], "summary": {"covered_lines": 0, "num_statements": 19, "percent_covered": 0.0, "percent_covered_display": "0", "missing_lines": 19, "excluded_lines": 0}, "missing_lines": [244, 246, 248, 251, 253, 257, 260, 266, 267, 272, 274, 275, 278, 281, 283, 285, 291, 292, 294], "excluded_lines": []}, "MetaCXDClassifier._high_concordance_fusion": {"executed_lines": [], "summary": {"covered_lines": 0, "num_statements": 11, "percent_covered": 0.0, "percent_covered_display": "0", "missing_lines": 11, "excluded_lines": 0}, "missing_lines": [307, 310, 311, 312, 315, 316, 317, 323, 324, 325, 329], "excluded_lines": []}, "MetaCXDClassifier._low_concordance_fusion": {"executed_lines": [], "summary": {"covered_lines": 0, "num_statements": 15, "percent_covered": 0.0, "percent_covered_display": "0", "missing_lines": 15, "excluded_lines": 0}, "missing_lines": [342, 345, 346, 348, 354, 356, 357, 360, 361, 362, 364, 365, 366, 371, 375], "excluded_lines": []}, "MetaCXDClassifier._enhance_lexical_tag": {"executed_lines": [], "summary": {"covered_lines": 0, "num_statements": 15, "percent_covered": 0.0, "percent_covered_display": "0", "missing_lines": 15, "excluded_lines": 0}, "missing_lines": [391, 393, 395, 401, 404, 405, 408, 411, 415, 418, 419, 420, 421, 422, 424], "excluded_lines": []}, "MetaCXDClassifier._calculate_sequence_confidence": {"executed_lines": [], "summary": {"covered_lines": 0, "num_statements": 3, "percent_covered": 0.0, "percent_covered_display": "0", "missing_lines": 3, "excluded_lines": 0}, "missing_lines": [428, 429, 430], "excluded_lines": []}, "MetaCXDClassifier._update_stats": {"executed_lines": [], "summary": {"covered_lines": 0, "num_statements": 10, "percent_covered": 0.0, "percent_covered_display": "0", "missing_lines": 10, "excluded_lines": 0}, "missing_lines": [436, 437, 438, 441, 442, 444, 447, 448, 449, 451], "excluded_lines": []}, "MetaCXDClassifier.get_performance_stats": {"executed_lines": [], "summary": {"covered_lines": 0, "num_statements": 21, "percent_covered": 0.0, "percent_covered_display": "0", "missing_lines": 21, "excluded_lines": 0}, "missing_lines": [460, 463, 464, 465, 475, 476, 477, 486, 487, 488, 498, 499, 502, 503, 504, 506, 507, 510, 511, 512, 514], "excluded_lines": []}, "MetaCXDClassifier.explain_classification": {"executed_lines": [], "summary": {"covered_lines": 0, "num_statements": 3, "percent_covered": 0.0, "percent_covered_display": "0", "missing_lines": 3, "excluded_lines": 0}, "missing_lines": [526, 528, 589], "excluded_lines": []}, "MetaCXDClassifier.update_config": {"executed_lines": [], "summary": {"covered_lines": 0, "num_statements": 9, "percent_covered": 0.0, "percent_covered_display": "0", "missing_lines": 9, "excluded_lines": 0}, "missing_lines": [598, 599, 600, 601, 604, 605, 607, 608, 610], "excluded_lines": []}, "": {"executed_lines": [1, 8, 9, 10, 12, 13, 14, 21, 22, 24, 27, 28, 36, 82, 98, 173, 225, 296, 331, 377, 426, 432, 453, 516, 591, 614], "summary": {"covered_lines": 24, "num_statements": 24, "percent_covered": 100.0, "percent_covered_display": "100", "missing_lines": 0, "excluded_lines": 0}, "missing_lines": [], "excluded_lines": []}}, "classes": {"MetaCXDClassifier": {"executed_lines": [], "summary": {"covered_lines": 0, "num_statements": 151, "percent_covered": 0.0, "percent_covered_display": "0", "missing_lines": 151, "excluded_lines": 0}, "missing_lines": [50, 53, 56, 61, 62, 63, 64, 67, 78, 95, 96, 108, 110, 111, 112, 128, 129, 132, 135, 140, 148, 151, 154, 186, 187, 189, 190, 193, 195, 198, 203, 204, 207, 208, 209, 210, 211, 212, 215, 216, 217, 218, 219, 220, 223, 244, 246, 248, 251, 253, 257, 260, 266, 267, 272, 274, 275, 278, 281, 283, 285, 291, 292, 294, 307, 310, 311, 312, 315, 316, 317, 323, 324, 325, 329, 342, 345, 346, 348, 354, 356, 357, 360, 361, 362, 364, 365, 366, 371, 375, 391, 393, 395, 401, 404, 405, 408, 411, 415, 418, 419, 420, 421, 422, 424, 428, 429, 430, 436, 437, 438, 441, 442, 444, 447, 448, 449, 451, 460, 463, 464, 465, 475, 476, 477, 486, 487, 488, 498, 499, 502, 503, 504, 506, 507, 510, 511, 512, 514, 526, 528, 589, 598, 599, 600, 601, 604, 605, 607, 608, 610], "excluded_lines": []}, "": {"executed_lines": [1, 8, 9, 10, 12, 13, 14, 21, 22, 24, 27, 28, 36, 82, 98, 173, 225, 296, 331, 377, 426, 432, 453, 516, 591, 614], "summary": {"covered_lines": 24, "num_statements": 24, "percent_covered": 100.0, "percent_covered_display": "100", "missing_lines": 0, "excluded_lines": 0}, "missing_lines": [], "excluded_lines": []}}}, "src/memmimic/cxd/classifiers/optimized_meta.py": {"executed_lines": [1, 9, 10, 12, 13, 14, 15, 17, 20, 21, 39, 89, 100, 111, 119, 127, 142, 177, 215, 216, 239, 240, 269, 285, 314], "summary": {"covered_lines": 23, "num_statements": 87, "percent_covered": 26.436781609195403, "percent_covered_display": "26", "missing_lines": 64, "excluded_lines": 0}, "missing_lines": [51, 52, 55, 56, 59, 64, 75, 81, 96, 97, 98, 107, 108, 109, 113, 114, 115, 117, 121, 122, 123, 125, 134, 135, 136, 152, 155, 156, 157, 160, 161, 162, 165, 166, 167, 168, 169, 175, 188, 191, 199, 200, 201, 202, 203, 204, 205, 207, 209, 228, 229, 231, 233, 252, 253, 255, 257, 282, 301, 302, 304, 305, 306, 308], "excluded_lines": [], "functions": {"OptimizedMetaCXDClassifier.__init__": {"executed_lines": [], "summary": {"covered_lines": 0, "num_statements": 8, "percent_covered": 0.0, "percent_covered_display": "0", "missing_lines": 8, "excluded_lines": 0}, "missing_lines": [51, 52, 55, 56, 59, 64, 75, 81], "excluded_lines": []}, "OptimizedMetaCXDClassifier.get_optimization_stats": {"executed_lines": [], "summary": {"covered_lines": 0, "num_statements": 3, "percent_covered": 0.0, "percent_covered_display": "0", "missing_lines": 3, "excluded_lines": 0}, "missing_lines": [96, 97, 98], "excluded_lines": []}, "OptimizedMetaCXDClassifier.get_cache_info": {"executed_lines": [], "summary": {"covered_lines": 0, "num_statements": 3, "percent_covered": 0.0, "percent_covered_display": "0", "missing_lines": 3, "excluded_lines": 0}, "missing_lines": [107, 108, 109], "excluded_lines": []}, "OptimizedMetaCXDClassifier.rebuild_semantic_index": {"executed_lines": [], "summary": {"covered_lines": 0, "num_statements": 4, "percent_covered": 0.0, "percent_covered_display": "0", "missing_lines": 4, "excluded_lines": 0}, "missing_lines": [113, 114, 115, 117], "excluded_lines": []}, "OptimizedMetaCXDClassifier.clear_all_caches": {"executed_lines": [], "summary": {"covered_lines": 0, "num_statements": 4, "percent_covered": 0.0, "percent_covered_display": "0", "missing_lines": 4, "excluded_lines": 0}, "missing_lines": [121, 122, 123, 125], "excluded_lines": []}, "OptimizedMetaCXDClassifier.validate_cache_integrity": {"executed_lines": [], "summary": {"covered_lines": 0, "num_statements": 3, "percent_covered": 0.0, "percent_covered_display": "0", "missing_lines": 3, "excluded_lines": 0}, "missing_lines": [134, 135, 136], "excluded_lines": []}, "OptimizedMetaCXDClassifier.get_performance_stats": {"executed_lines": [], "summary": {"covered_lines": 0, "num_statements": 13, "percent_covered": 0.0, "percent_covered_display": "0", "missing_lines": 13, "excluded_lines": 0}, "missing_lines": [152, 155, 156, 157, 160, 161, 162, 165, 166, 167, 168, 169, 175], "excluded_lines": []}, "OptimizedMetaCXDClassifier.explain_classification": {"executed_lines": [], "summary": {"covered_lines": 0, "num_statements": 11, "percent_covered": 0.0, "percent_covered_display": "0", "missing_lines": 11, "excluded_lines": 0}, "missing_lines": [188, 191, 199, 200, 201, 202, 203, 204, 205, 207, 209], "excluded_lines": []}, "OptimizedMetaCXDClassifier.create_production_classifier": {"executed_lines": [], "summary": {"covered_lines": 0, "num_statements": 4, "percent_covered": 0.0, "percent_covered_display": "0", "missing_lines": 4, "excluded_lines": 0}, "missing_lines": [228, 229, 231, 233], "excluded_lines": []}, "OptimizedMetaCXDClassifier.create_development_classifier": {"executed_lines": [], "summary": {"covered_lines": 0, "num_statements": 4, "percent_covered": 0.0, "percent_covered_display": "0", "missing_lines": 4, "excluded_lines": 0}, "missing_lines": [252, 253, 255, 257], "excluded_lines": []}, "create_optimized_classifier": {"executed_lines": [], "summary": {"covered_lines": 0, "num_statements": 1, "percent_covered": 0.0, "percent_covered_display": "0", "missing_lines": 1, "excluded_lines": 0}, "missing_lines": [282], "excluded_lines": []}, "create_fast_classifier": {"executed_lines": [], "summary": {"covered_lines": 0, "num_statements": 6, "percent_covered": 0.0, "percent_covered_display": "0", "missing_lines": 6, "excluded_lines": 0}, "missing_lines": [301, 302, 304, 305, 306, 308], "excluded_lines": []}, "": {"executed_lines": [1, 9, 10, 12, 13, 14, 15, 17, 20, 21, 39, 89, 100, 111, 119, 127, 142, 177, 215, 216, 239, 240, 269, 285, 314], "summary": {"covered_lines": 23, "num_statements": 23, "percent_covered": 100.0, "percent_covered_display": "100", "missing_lines": 0, "excluded_lines": 0}, "missing_lines": [], "excluded_lines": []}}, "classes": {"OptimizedMetaCXDClassifier": {"executed_lines": [], "summary": {"covered_lines": 0, "num_statements": 57, "percent_covered": 0.0, "percent_covered_display": "0", "missing_lines": 57, "excluded_lines": 0}, "missing_lines": [51, 52, 55, 56, 59, 64, 75, 81, 96, 97, 98, 107, 108, 109, 113, 114, 115, 117, 121, 122, 123, 125, 134, 135, 136, 152, 155, 156, 157, 160, 161, 162, 165, 166, 167, 168, 169, 175, 188, 191, 199, 200, 201, 202, 203, 204, 205, 207, 209, 228, 229, 231, 233, 252, 253, 255, 257], "excluded_lines": []}, "": {"executed_lines": [1, 9, 10, 12, 13, 14, 15, 17, 20, 21, 39, 89, 100, 111, 119, 127, 142, 177, 215, 216, 239, 240, 269, 285, 314], "summary": {"covered_lines": 23, "num_statements": 30, "percent_covered": 76.66666666666667, "percent_covered_display": "77", "missing_lines": 7, "excluded_lines": 0}, "missing_lines": [282, 301, 302, 304, 305, 306, 308], "excluded_lines": []}}}, "src/memmimic/cxd/classifiers/optimized_semantic.py": {"executed_lines": [1, 8, 9, 10, 12, 13, 14, 15, 16, 17, 19, 22, 23, 34, 99, 128, 150, 160, 190, 250, 310, 321, 341, 366, 384, 388, 413, 449, 464, 551], "summary": {"covered_lines": 28, "num_statements": 250, "percent_covered": 11.2, "percent_covered_display": "11", "missing_lines": 222, "excluded_lines": 0}, "missing_lines": [54, 55, 56, 59, 62, 65, 70, 78, 79, 80, 83, 93, 95, 101, 103, 110, 111, 112, 115, 117, 119, 120, 122, 130, 131, 132, 133, 138, 140, 142, 144, 145, 146, 148, 152, 162, 164, 165, 166, 167, 168, 171, 172, 173, 174, 177, 178, 179, 182, 183, 185, 186, 188, 197, 198, 199, 202, 203, 205, 206, 207, 209, 211, 212, 213, 215, 216, 219, 220, 221, 224, 225, 226, 228, 229, 232, 234, 235, 236, 237, 239, 240, 241, 242, 244, 246, 247, 248, 257, 259, 262, 263, 264, 267, 268, 271, 272, 273, 274, 275, 277, 278, 281, 282, 283, 284, 287, 295, 296, 297, 299, 300, 301, 303, 304, 306, 307, 308, 312, 313, 314, 316, 317, 318, 319, 323, 326, 328, 331, 332, 333, 334, 335, 339, 343, 346, 347, 348, 349, 350, 353, 356, 357, 359, 360, 364, 368, 371, 372, 375, 376, 377, 378, 379, 382, 386, 391, 394, 395, 398, 399, 400, 405, 408, 409, 411, 415, 427, 428, 429, 430, 431, 433, 434, 435, 438, 439, 442, 444, 445, 447, 452, 455, 456, 459, 460, 462, 471, 483, 484, 485, 487, 489, 494, 496, 497, 498, 500, 501, 502, 505, 506, 507, 508, 509, 510, 511, 514, 519, 524, 525, 526, 528, 529, 530, 533, 539, 541, 543, 544, 545, 547], "excluded_lines": [], "functions": {"OptimizedSemanticCXDClassifier.__init__": {"executed_lines": [], "summary": {"covered_lines": 0, "num_statements": 13, "percent_covered": 0.0, "percent_covered_display": "0", "missing_lines": 13, "excluded_lines": 0}, "missing_lines": [54, 55, 56, 59, 62, 65, 70, 78, 79, 80, 83, 93, 95], "excluded_lines": []}, "OptimizedSemanticCXDClassifier._create_optimized_embedding_model": {"executed_lines": [], "summary": {"covered_lines": 0, "num_statements": 10, "percent_covered": 0.0, "percent_covered_display": "0", "missing_lines": 10, "excluded_lines": 0}, "missing_lines": [101, 103, 110, 111, 112, 115, 117, 119, 120, 122], "excluded_lines": []}, "OptimizedSemanticCXDClassifier._create_optimized_example_provider": {"executed_lines": [], "summary": {"covered_lines": 0, "num_statements": 11, "percent_covered": 0.0, "percent_covered_display": "0", "missing_lines": 11, "excluded_lines": 0}, "missing_lines": [130, 131, 132, 133, 138, 140, 142, 144, 145, 146, 148], "excluded_lines": []}, "OptimizedSemanticCXDClassifier._create_optimized_vector_store": {"executed_lines": [], "summary": {"covered_lines": 0, "num_statements": 1, "percent_covered": 0.0, "percent_covered_display": "0", "missing_lines": 1, "excluded_lines": 0}, "missing_lines": [152], "excluded_lines": []}, "OptimizedSemanticCXDClassifier._initialize_optimized_index": {"executed_lines": [], "summary": {"covered_lines": 0, "num_statements": 18, "percent_covered": 0.0, "percent_covered_display": "0", "missing_lines": 18, "excluded_lines": 0}, "missing_lines": [162, 164, 165, 166, 167, 168, 171, 172, 173, 174, 177, 178, 179, 182, 183, 185, 186, 188], "excluded_lines": []}, "OptimizedSemanticCXDClassifier._load_index_from_cache": {"executed_lines": [], "summary": {"covered_lines": 0, "num_statements": 35, "percent_covered": 0.0, "percent_covered_display": "0", "missing_lines": 35, "excluded_lines": 0}, "missing_lines": [197, 198, 199, 202, 203, 205, 206, 207, 209, 211, 212, 213, 215, 216, 219, 220, 221, 224, 225, 226, 228, 229, 232, 234, 235, 236, 237, 239, 240, 241, 242, 244, 246, 247, 248], "excluded_lines": []}, "OptimizedSemanticCXDClassifier._save_index_to_cache": {"executed_lines": [], "summary": {"covered_lines": 0, "num_statements": 30, "percent_covered": 0.0, "percent_covered_display": "0", "missing_lines": 30, "excluded_lines": 0}, "missing_lines": [257, 259, 262, 263, 264, 267, 268, 271, 272, 273, 274, 275, 277, 278, 281, 282, 283, 284, 287, 295, 296, 297, 299, 300, 301, 303, 304, 306, 307, 308], "excluded_lines": []}, "OptimizedSemanticCXDClassifier._clear_cache": {"executed_lines": [], "summary": {"covered_lines": 0, "num_statements": 7, "percent_covered": 0.0, "percent_covered_display": "0", "missing_lines": 7, "excluded_lines": 0}, "missing_lines": [312, 313, 314, 316, 317, 318, 319], "excluded_lines": []}, "OptimizedSemanticCXDClassifier._build_index": {"executed_lines": [], "summary": {"covered_lines": 0, "num_statements": 9, "percent_covered": 0.0, "percent_covered_display": "0", "missing_lines": 9, "excluded_lines": 0}, "missing_lines": [323, 326, 328, 331, 332, 333, 334, 335, 339], "excluded_lines": []}, "OptimizedSemanticCXDClassifier.classify": {"executed_lines": [], "summary": {"covered_lines": 0, "num_statements": 12, "percent_covered": 0.0, "percent_covered_display": "0", "missing_lines": 12, "excluded_lines": 0}, "missing_lines": [343, 346, 347, 348, 349, 350, 353, 356, 357, 359, 360, 364], "excluded_lines": []}, "OptimizedSemanticCXDClassifier.rebuild_index": {"executed_lines": [], "summary": {"covered_lines": 0, "num_statements": 9, "percent_covered": 0.0, "percent_covered_display": "0", "missing_lines": 9, "excluded_lines": 0}, "missing_lines": [368, 371, 372, 375, 376, 377, 378, 379, 382], "excluded_lines": []}, "OptimizedSemanticCXDClassifier.get_optimization_stats": {"executed_lines": [], "summary": {"covered_lines": 0, "num_statements": 1, "percent_covered": 0.0, "percent_covered_display": "0", "missing_lines": 1, "excluded_lines": 0}, "missing_lines": [386], "excluded_lines": []}, "OptimizedSemanticCXDClassifier.get_performance_stats": {"executed_lines": [], "summary": {"covered_lines": 0, "num_statements": 10, "percent_covered": 0.0, "percent_covered_display": "0", "missing_lines": 10, "excluded_lines": 0}, "missing_lines": [391, 394, 395, 398, 399, 400, 405, 408, 409, 411], "excluded_lines": []}, "OptimizedSemanticCXDClassifier.get_cache_info": {"executed_lines": [], "summary": {"covered_lines": 0, "num_statements": 15, "percent_covered": 0.0, "percent_covered_display": "0", "missing_lines": 15, "excluded_lines": 0}, "missing_lines": [415, 427, 428, 429, 430, 431, 433, 434, 435, 438, 439, 442, 444, 445, 447], "excluded_lines": []}, "OptimizedSemanticCXDClassifier.clear_all_caches": {"executed_lines": [], "summary": {"covered_lines": 0, "num_statements": 6, "percent_covered": 0.0, "percent_covered_display": "0", "missing_lines": 6, "excluded_lines": 0}, "missing_lines": [452, 455, 456, 459, 460, 462], "excluded_lines": []}, "OptimizedSemanticCXDClassifier.validate_cache_integrity": {"executed_lines": [], "summary": {"covered_lines": 0, "num_statements": 35, "percent_covered": 0.0, "percent_covered_display": "0", "missing_lines": 35, "excluded_lines": 0}, "missing_lines": [471, 483, 484, 485, 487, 489, 494, 496, 497, 498, 500, 501, 502, 505, 506, 507, 508, 509, 510, 511, 514, 519, 524, 525, 526, 528, 529, 530, 533, 539, 541, 543, 544, 545, 547], "excluded_lines": []}, "": {"executed_lines": [1, 8, 9, 10, 12, 13, 14, 15, 16, 17, 19, 22, 23, 34, 99, 128, 150, 160, 190, 250, 310, 321, 341, 366, 384, 388, 413, 449, 464, 551], "summary": {"covered_lines": 28, "num_statements": 28, "percent_covered": 100.0, "percent_covered_display": "100", "missing_lines": 0, "excluded_lines": 0}, "missing_lines": [], "excluded_lines": []}}, "classes": {"OptimizedSemanticCXDClassifier": {"executed_lines": [], "summary": {"covered_lines": 0, "num_statements": 222, "percent_covered": 0.0, "percent_covered_display": "0", "missing_lines": 222, "excluded_lines": 0}, "missing_lines": [54, 55, 56, 59, 62, 65, 70, 78, 79, 80, 83, 93, 95, 101, 103, 110, 111, 112, 115, 117, 119, 120, 122, 130, 131, 132, 133, 138, 140, 142, 144, 145, 146, 148, 152, 162, 164, 165, 166, 167, 168, 171, 172, 173, 174, 177, 178, 179, 182, 183, 185, 186, 188, 197, 198, 199, 202, 203, 205, 206, 207, 209, 211, 212, 213, 215, 216, 219, 220, 221, 224, 225, 226, 228, 229, 232, 234, 235, 236, 237, 239, 240, 241, 242, 244, 246, 247, 248, 257, 259, 262, 263, 264, 267, 268, 271, 272, 273, 274, 275, 277, 278, 281, 282, 283, 284, 287, 295, 296, 297, 299, 300, 301, 303, 304, 306, 307, 308, 312, 313, 314, 316, 317, 318, 319, 323, 326, 328, 331, 332, 333, 334, 335, 339, 343, 346, 347, 348, 349, 350, 353, 356, 357, 359, 360, 364, 368, 371, 372, 375, 376, 377, 378, 379, 382, 386, 391, 394, 395, 398, 399, 400, 405, 408, 409, 411, 415, 427, 428, 429, 430, 431, 433, 434, 435, 438, 439, 442, 444, 445, 447, 452, 455, 456, 459, 460, 462, 471, 483, 484, 485, 487, 489, 494, 496, 497, 498, 500, 501, 502, 505, 506, 507, 508, 509, 510, 511, 514, 519, 524, 525, 526, 528, 529, 530, 533, 539, 541, 543, 544, 545, 547], "excluded_lines": []}, "": {"executed_lines": [1, 8, 9, 10, 12, 13, 14, 15, 16, 17, 19, 22, 23, 34, 99, 128, 150, 160, 190, 250, 310, 321, 341, 366, 384, 388, 413, 449, 464, 551], "summary": {"covered_lines": 28, "num_statements": 28, "percent_covered": 100.0, "percent_covered_display": "100", "missing_lines": 0, "excluded_lines": 0}, "missing_lines": [], "excluded_lines": []}}}, "src/memmimic/cxd/classifiers/semantic.py": {"executed_lines": [1, 8, 9, 10, 12, 14, 16, 17, 18, 24, 25, 26, 27, 29, 32, 33, 40, 91, 109, 120, 128, 133, 189, 190, 232, 278, 328, 343, 414, 454, 493, 501, 513], "summary": {"covered_lines": 31, "num_statements": 184, "percent_covered": 16.847826086956523, "percent_covered_display": "17", "missing_lines": 153, "excluded_lines": 0}, "missing_lines": [56, 59, 60, 63, 66, 67, 68, 71, 72, 75, 78, 87, 93, 95, 100, 101, 103, 111, 112, 113, 114, 116, 118, 122, 130, 131, 135, 137, 139, 141, 144, 145, 147, 148, 149, 150, 158, 160, 161, 162, 163, 166, 167, 170, 171, 174, 175, 177, 179, 183, 184, 186, 187, 200, 202, 203, 206, 208, 209, 210, 213, 216, 217, 218, 221, 224, 227, 228, 230, 245, 246, 249, 250, 251, 252, 253, 256, 258, 259, 260, 263, 264, 266, 267, 268, 273, 274, 276, 291, 293, 295, 296, 297, 298, 299, 300, 302, 305, 319, 321, 324, 326, 335, 336, 337, 339, 340, 341, 350, 353, 354, 355, 365, 366, 367, 376, 377, 378, 387, 398, 399, 400, 401, 406, 407, 409, 410, 412, 425, 427, 428, 431, 434, 437, 438, 439, 440, 441, 450, 452, 464, 466, 477, 480, 481, 491, 495, 496, 497, 498, 499, 508, 509], "excluded_lines": [], "functions": {"SemanticCXDClassifier.__init__": {"executed_lines": [], "summary": {"covered_lines": 0, "num_statements": 12, "percent_covered": 0.0, "percent_covered_display": "0", "missing_lines": 12, "excluded_lines": 0}, "missing_lines": [56, 59, 60, 63, 66, 67, 68, 71, 72, 75, 78, 87], "excluded_lines": []}, "SemanticCXDClassifier._create_default_embedding_model": {"executed_lines": [], "summary": {"covered_lines": 0, "num_statements": 5, "percent_covered": 0.0, "percent_covered_display": "0", "missing_lines": 5, "excluded_lines": 0}, "missing_lines": [93, 95, 100, 101, 103], "excluded_lines": []}, "SemanticCXDClassifier._create_default_example_provider": {"executed_lines": [], "summary": {"covered_lines": 0, "num_statements": 6, "percent_covered": 0.0, "percent_covered_display": "0", "missing_lines": 6, "excluded_lines": 0}, "missing_lines": [111, 112, 113, 114, 116, 118], "excluded_lines": []}, "SemanticCXDClassifier._create_default_vector_store": {"executed_lines": [], "summary": {"covered_lines": 0, "num_statements": 1, "percent_covered": 0.0, "percent_covered_display": "0", "missing_lines": 1, "excluded_lines": 0}, "missing_lines": [122], "excluded_lines": []}, "SemanticCXDClassifier._ensure_index_built": {"executed_lines": [], "summary": {"covered_lines": 0, "num_statements": 2, "percent_covered": 0.0, "percent_covered_display": "0", "missing_lines": 2, "excluded_lines": 0}, "missing_lines": [130, 131], "excluded_lines": []}, "SemanticCXDClassifier._build_index": {"executed_lines": [], "summary": {"covered_lines": 0, "num_statements": 27, "percent_covered": 0.0, "percent_covered_display": "0", "missing_lines": 27, "excluded_lines": 0}, "missing_lines": [135, 137, 139, 141, 144, 145, 147, 148, 149, 150, 158, 160, 161, 162, 163, 166, 167, 170, 171, 174, 175, 177, 179, 183, 184, 186, 187], "excluded_lines": []}, "SemanticCXDClassifier.classify": {"executed_lines": [], "summary": {"covered_lines": 0, "num_statements": 16, "percent_covered": 0.0, "percent_covered_display": "0", "missing_lines": 16, "excluded_lines": 0}, "missing_lines": [200, 202, 203, 206, 208, 209, 210, 213, 216, 217, 218, 221, 224, 227, 228, 230], "excluded_lines": []}, "SemanticCXDClassifier._aggregate_function_scores": {"executed_lines": [], "summary": {"covered_lines": 0, "num_statements": 19, "percent_covered": 0.0, "percent_covered_display": "0", "missing_lines": 19, "excluded_lines": 0}, "missing_lines": [245, 246, 249, 250, 251, 252, 253, 256, 258, 259, 260, 263, 264, 266, 267, 268, 273, 274, 276], "excluded_lines": []}, "SemanticCXDClassifier._create_cxd_tags": {"executed_lines": [], "summary": {"covered_lines": 0, "num_statements": 14, "percent_covered": 0.0, "percent_covered_display": "0", "missing_lines": 14, "excluded_lines": 0}, "missing_lines": [291, 293, 295, 296, 297, 298, 299, 300, 302, 305, 319, 321, 324, 326], "excluded_lines": []}, "SemanticCXDClassifier._update_stats": {"executed_lines": [], "summary": {"covered_lines": 0, "num_statements": 6, "percent_covered": 0.0, "percent_covered_display": "0", "missing_lines": 6, "excluded_lines": 0}, "missing_lines": [335, 336, 337, 339, 340, 341], "excluded_lines": []}, "SemanticCXDClassifier.get_performance_stats": {"executed_lines": [], "summary": {"covered_lines": 0, "num_statements": 20, "percent_covered": 0.0, "percent_covered_display": "0", "missing_lines": 20, "excluded_lines": 0}, "missing_lines": [350, 353, 354, 355, 365, 366, 367, 376, 377, 378, 387, 398, 399, 400, 401, 406, 407, 409, 410, 412], "excluded_lines": []}, "SemanticCXDClassifier.get_similar_examples": {"executed_lines": [], "summary": {"covered_lines": 0, "num_statements": 12, "percent_covered": 0.0, "percent_covered_display": "0", "missing_lines": 12, "excluded_lines": 0}, "missing_lines": [425, 427, 428, 431, 434, 437, 438, 439, 440, 441, 450, 452], "excluded_lines": []}, "SemanticCXDClassifier.explain_classification": {"executed_lines": [], "summary": {"covered_lines": 0, "num_statements": 6, "percent_covered": 0.0, "percent_covered_display": "0", "missing_lines": 6, "excluded_lines": 0}, "missing_lines": [464, 466, 477, 480, 481, 491], "excluded_lines": []}, "SemanticCXDClassifier.rebuild_index": {"executed_lines": [], "summary": {"covered_lines": 0, "num_statements": 5, "percent_covered": 0.0, "percent_covered_display": "0", "missing_lines": 5, "excluded_lines": 0}, "missing_lines": [495, 496, 497, 498, 499], "excluded_lines": []}, "SemanticCXDClassifier.update_examples": {"executed_lines": [], "summary": {"covered_lines": 0, "num_statements": 2, "percent_covered": 0.0, "percent_covered_display": "0", "missing_lines": 2, "excluded_lines": 0}, "missing_lines": [508, 509], "excluded_lines": []}, "": {"executed_lines": [1, 8, 9, 10, 12, 14, 16, 17, 18, 24, 25, 26, 27, 29, 32, 33, 40, 91, 109, 120, 128, 133, 189, 190, 232, 278, 328, 343, 414, 454, 493, 501, 513], "summary": {"covered_lines": 31, "num_statements": 31, "percent_covered": 100.0, "percent_covered_display": "100", "missing_lines": 0, "excluded_lines": 0}, "missing_lines": [], "excluded_lines": []}}, "classes": {"SemanticCXDClassifier": {"executed_lines": [], "summary": {"covered_lines": 0, "num_statements": 153, "percent_covered": 0.0, "percent_covered_display": "0", "missing_lines": 153, "excluded_lines": 0}, "missing_lines": [56, 59, 60, 63, 66, 67, 68, 71, 72, 75, 78, 87, 93, 95, 100, 101, 103, 111, 112, 113, 114, 116, 118, 122, 130, 131, 135, 137, 139, 141, 144, 145, 147, 148, 149, 150, 158, 160, 161, 162, 163, 166, 167, 170, 171, 174, 175, 177, 179, 183, 184, 186, 187, 200, 202, 203, 206, 208, 209, 210, 213, 216, 217, 218, 221, 224, 227, 228, 230, 245, 246, 249, 250, 251, 252, 253, 256, 258, 259, 260, 263, 264, 266, 267, 268, 273, 274, 276, 291, 293, 295, 296, 297, 298, 299, 300, 302, 305, 319, 321, 324, 326, 335, 336, 337, 339, 340, 341, 350, 353, 354, 355, 365, 366, 367, 376, 377, 378, 387, 398, 399, 400, 401, 406, 407, 409, 410, 412, 425, 427, 428, 431, 434, 437, 438, 439, 440, 441, 450, 452, 464, 466, 477, 480, 481, 491, 495, 496, 497, 498, 499, 508, 509], "excluded_lines": []}, "": {"executed_lines": [1, 8, 9, 10, 12, 14, 16, 17, 18, 24, 25, 26, 27, 29, 32, 33, 40, 91, 109, 120, 128, 133, 189, 190, 232, 278, 328, 343, 414, 454, 493, 501, 513], "summary": {"covered_lines": 31, "num_statements": 31, "percent_covered": 100.0, "percent_covered_display": "100", "missing_lines": 0, "excluded_lines": 0}, "missing_lines": [], "excluded_lines": []}}}, "src/memmimic/cxd/core/__init__.py": {"executed_lines": [1, 9, 33, 45, 57], "summary": {"covered_lines": 4, "num_statements": 4, "percent_covered": 100.0, "percent_covered_display": "100", "missing_lines": 0, "excluded_lines": 0}, "missing_lines": [], "excluded_lines": [], "functions": {"": {"executed_lines": [1, 9, 33, 45, 57], "summary": {"covered_lines": 4, "num_statements": 4, "percent_covered": 100.0, "percent_covered_display": "100", "missing_lines": 0, "excluded_lines": 0}, "missing_lines": [], "excluded_lines": []}}, "classes": {"": {"executed_lines": [1, 9, 33, 45, 57], "summary": {"covered_lines": 4, "num_statements": 4, "percent_covered": 100.0, "percent_covered_display": "100", "missing_lines": 0, "excluded_lines": 0}, "missing_lines": [], "excluded_lines": []}}}, "src/memmimic/cxd/core/canonical.py": {"executed_lines": [1, 8, 9, 10, 11, 13, 16, 17, 18, 25, 26, 27, 28, 29, 30, 31, 32, 33, 35, 52, 57, 64, 65, 69, 70, 74, 75, 79, 91, 100, 110, 125, 129, 151, 172, 173, 202, 241, 242, 243, 250, 251, 252, 253, 254, 256, 260, 264, 268, 272, 273, 280, 281, 288, 289, 295, 296, 300, 312, 324, 336, 356, 366, 381, 396, 418, 461, 483, 484, 505], "summary": {"covered_lines": 67, "num_statements": 184, "percent_covered": 36.41304347826087, "percent_covered_display": "36", "missing_lines": 117, "excluded_lines": 0}, "missing_lines": [38, 41, 42, 45, 46, 49, 50, 54, 55, 59, 67, 72, 77, 87, 88, 89, 93, 98, 107, 108, 120, 121, 122, 123, 127, 137, 139, 140, 141, 142, 143, 144, 145, 146, 149, 158, 184, 185, 186, 188, 190, 212, 215, 216, 219, 220, 223, 224, 225, 226, 227, 230, 231, 232, 233, 234, 235, 236, 238, 258, 262, 266, 270, 275, 276, 277, 278, 283, 284, 285, 286, 291, 292, 293, 298, 310, 322, 334, 346, 349, 363, 364, 376, 377, 378, 379, 391, 392, 393, 394, 408, 410, 411, 412, 413, 414, 416, 425, 435, 436, 437, 438, 439, 440, 443, 444, 445, 450, 451, 452, 455, 456, 457, 459, 468, 494, 496], "excluded_lines": [], "functions": {"CanonicalExample.__post_init__": {"executed_lines": [], "summary": {"covered_lines": 0, "num_statements": 7, "percent_covered": 0.0, "percent_covered_display": "0", "missing_lines": 7, "excluded_lines": 0}, "missing_lines": [38, 41, 42, 45, 46, 49, 50], "excluded_lines": []}, "CanonicalExample.__str__": {"executed_lines": [], "summary": {"covered_lines": 0, "num_statements": 2, "percent_covered": 0.0, "percent_covered_display": "0", "missing_lines": 2, "excluded_lines": 0}, "missing_lines": [54, 55], "excluded_lines": []}, "CanonicalExample.__repr__": {"executed_lines": [], "summary": {"covered_lines": 0, "num_statements": 1, "percent_covered": 0.0, "percent_covered_display": "0", "missing_lines": 1, "excluded_lines": 0}, "missing_lines": [59], "excluded_lines": []}, "CanonicalExample.word_count": {"executed_lines": [], "summary": {"covered_lines": 0, "num_statements": 1, "percent_covered": 0.0, "percent_covered_display": "0", "missing_lines": 1, "excluded_lines": 0}, "missing_lines": [67], "excluded_lines": []}, "CanonicalExample.char_count": {"executed_lines": [], "summary": {"covered_lines": 0, "num_statements": 1, "percent_covered": 0.0, "percent_covered_display": "0", "missing_lines": 1, "excluded_lines": 0}, "missing_lines": [72], "excluded_lines": []}, "CanonicalExample.is_high_quality": {"executed_lines": [], "summary": {"covered_lines": 0, "num_statements": 1, "percent_covered": 0.0, "percent_covered_display": "0", "missing_lines": 1, "excluded_lines": 0}, "missing_lines": [77], "excluded_lines": []}, "CanonicalExample.generate_id": {"executed_lines": [], "summary": {"covered_lines": 0, "num_statements": 3, "percent_covered": 0.0, "percent_covered_display": "0", "missing_lines": 3, "excluded_lines": 0}, "missing_lines": [87, 88, 89], "excluded_lines": []}, "CanonicalExample._default_category_for_function": {"executed_lines": [], "summary": {"covered_lines": 0, "num_statements": 2, "percent_covered": 0.0, "percent_covered_display": "0", "missing_lines": 2, "excluded_lines": 0}, "missing_lines": [93, 98], "excluded_lines": []}, "CanonicalExample.add_tag": {"executed_lines": [], "summary": {"covered_lines": 0, "num_statements": 2, "percent_covered": 0.0, "percent_covered_display": "0", "missing_lines": 2, "excluded_lines": 0}, "missing_lines": [107, 108], "excluded_lines": []}, "CanonicalExample.remove_tag": {"executed_lines": [], "summary": {"covered_lines": 0, "num_statements": 4, "percent_covered": 0.0, "percent_covered_display": "0", "missing_lines": 4, "excluded_lines": 0}, "missing_lines": [120, 121, 122, 123], "excluded_lines": []}, "CanonicalExample.has_tag": {"executed_lines": [], "summary": {"covered_lines": 0, "num_statements": 1, "percent_covered": 0.0, "percent_covered_display": "0", "missing_lines": 1, "excluded_lines": 0}, "missing_lines": [127], "excluded_lines": []}, "CanonicalExample.update_quality_score": {"executed_lines": [], "summary": {"covered_lines": 0, "num_statements": 10, "percent_covered": 0.0, "percent_covered_display": "0", "missing_lines": 10, "excluded_lines": 0}, "missing_lines": [137, 139, 140, 141, 142, 143, 144, 145, 146, 149], "excluded_lines": []}, "CanonicalExample.to_dict": {"executed_lines": [], "summary": {"covered_lines": 0, "num_statements": 1, "percent_covered": 0.0, "percent_covered_display": "0", "missing_lines": 1, "excluded_lines": 0}, "missing_lines": [158], "excluded_lines": []}, "CanonicalExample.from_dict": {"executed_lines": [], "summary": {"covered_lines": 0, "num_statements": 5, "percent_covered": 0.0, "percent_covered_display": "0", "missing_lines": 5, "excluded_lines": 0}, "missing_lines": [184, 185, 186, 188, 190], "excluded_lines": []}, "CanonicalExample.similarity_score": {"executed_lines": [], "summary": {"covered_lines": 0, "num_statements": 18, "percent_covered": 0.0, "percent_covered_display": "0", "missing_lines": 18, "excluded_lines": 0}, "missing_lines": [212, 215, 216, 219, 220, 223, 224, 225, 226, 227, 230, 231, 232, 233, 234, 235, 236, 238], "excluded_lines": []}, "CanonicalExampleSet.__post_init__": {"executed_lines": [], "summary": {"covered_lines": 0, "num_statements": 1, "percent_covered": 0.0, "percent_covered_display": "0", "missing_lines": 1, "excluded_lines": 0}, "missing_lines": [258], "excluded_lines": []}, "CanonicalExampleSet.__len__": {"executed_lines": [], "summary": {"covered_lines": 0, "num_statements": 1, "percent_covered": 0.0, "percent_covered_display": "0", "missing_lines": 1, "excluded_lines": 0}, "missing_lines": [262], "excluded_lines": []}, "CanonicalExampleSet.__iter__": {"executed_lines": [], "summary": {"covered_lines": 0, "num_statements": 1, "percent_covered": 0.0, "percent_covered_display": "0", "missing_lines": 1, "excluded_lines": 0}, "missing_lines": [266], "excluded_lines": []}, "CanonicalExampleSet.__getitem__": {"executed_lines": [], "summary": {"covered_lines": 0, "num_statements": 1, "percent_covered": 0.0, "percent_covered_display": "0", "missing_lines": 1, "excluded_lines": 0}, "missing_lines": [270], "excluded_lines": []}, "CanonicalExampleSet.function_counts": {"executed_lines": [], "summary": {"covered_lines": 0, "num_statements": 4, "percent_covered": 0.0, "percent_covered_display": "0", "missing_lines": 4, "excluded_lines": 0}, "missing_lines": [275, 276, 277, 278], "excluded_lines": []}, "CanonicalExampleSet.category_counts": {"executed_lines": [], "summary": {"covered_lines": 0, "num_statements": 4, "percent_covered": 0.0, "percent_covered_display": "0", "missing_lines": 4, "excluded_lines": 0}, "missing_lines": [283, 284, 285, 286], "excluded_lines": []}, "CanonicalExampleSet.average_quality": {"executed_lines": [], "summary": {"covered_lines": 0, "num_statements": 3, "percent_covered": 0.0, "percent_covered_display": "0", "missing_lines": 3, "excluded_lines": 0}, "missing_lines": [291, 292, 293], "excluded_lines": []}, "CanonicalExampleSet.high_quality_examples": {"executed_lines": [], "summary": {"covered_lines": 0, "num_statements": 1, "percent_covered": 0.0, "percent_covered_display": "0", "missing_lines": 1, "excluded_lines": 0}, "missing_lines": [298], "excluded_lines": []}, "CanonicalExampleSet.get_examples_by_function": {"executed_lines": [], "summary": {"covered_lines": 0, "num_statements": 1, "percent_covered": 0.0, "percent_covered_display": "0", "mi
[...]
2, 703, 704, 705, 706, 707], "excluded_lines": [], "functions": {"Tale.__init__": {"executed_lines": [], "summary": {"covered_lines": 0, "num_statements": 10, "percent_covered": 0.0, "percent_covered_display": "0", "missing_lines": 10, "excluded_lines": 0}, "missing_lines": [31, 32, 33, 34, 35, 38, 39, 40, 41, 42], "excluded_lines": []}, "Tale.safe_name": {"executed_lines": [], "summary": {"covered_lines": 0, "num_statements": 4, "percent_covered": 0.0, "percent_covered_display": "0", "missing_lines": 4, "excluded_lines": 0}, "missing_lines": [48, 49, 50, 51], "excluded_lines": []}, "Tale.get_filename": {"executed_lines": [], "summary": {"covered_lines": 0, "num_statements": 5, "percent_covered": 0.0, "percent_covered_display": "0", "missing_lines": 5, "excluded_lines": 0}, "missing_lines": [55, 56, 58, 59, 61], "excluded_lines": []}, "Tale.to_file_content": {"executed_lines": [], "summary": {"covered_lines": 0, "num_statements": 16, "percent_covered": 0.0, "percent_covered_display": "0", "missing_lines": 16, "excluded_lines": 0}, "missing_lines": [65, 68, 69, 70, 71, 72, 73, 74, 76, 77, 80, 81, 82, 84, 85, 87], "excluded_lines": []}, "Tale.from_file_content": {"executed_lines": [], "summary": {"covered_lines": 0, "num_statements": 44, "percent_covered": 0.0, "percent_covered_display": "0", "missing_lines": 44, "excluded_lines": 0}, "missing_lines": [92, 93, 94, 95, 98, 99, 100, 102, 104, 106, 107, 108, 109, 111, 112, 113, 114, 115, 116, 117, 118, 119, 120, 121, 122, 123, 124, 125, 126, 127, 128, 129, 130, 131, 133, 135, 136, 137, 140, 141, 143, 146, 149, 151], "excluded_lines": []}, "Tale.update_content": {"executed_lines": [], "summary": {"covered_lines": 0, "num_statements": 4, "percent_covered": 0.0, "percent_covered_display": "0", "missing_lines": 4, "excluded_lines": 0}, "missing_lines": [155, 156, 157, 158], "excluded_lines": []}, "Tale.increment_usage": {"executed_lines": [], "summary": {"covered_lines": 0, "num_statements": 2, "percent_covered": 0.0, "percent_covered_display": "0", "missing_lines": 2, "excluded_lines": 0}, "missing_lines": [162, 163], "excluded_lines": []}, "TaleManager.__init__": {"executed_lines": [], "summary": {"covered_lines": 0, "num_statements": 6, "percent_covered": 0.0, "percent_covered_display": "0", "missing_lines": 6, "excluded_lines": 0}, "missing_lines": [198, 199, 202, 212, 213, 215], "excluded_lines": []}, "TaleManager.ensure_directory_structure": {"executed_lines": [], "summary": {"covered_lines": 0, "num_statements": 8, "percent_covered": 0.0, "percent_covered_display": "0", "missing_lines": 8, "excluded_lines": 0}, "missing_lines": [219, 222, 223, 224, 227, 228, 229, 230], "excluded_lines": []}, "TaleManager.parse_category": {"executed_lines": [], "summary": {"covered_lines": 0, "num_statements": 6, "percent_covered": 0.0, "percent_covered_display": "0", "missing_lines": 6, "excluded_lines": 0}, "missing_lines": [234, 235, 236, 239, 240, 242], "excluded_lines": []}, "TaleManager.get_category_path": {"executed_lines": [], "summary": {"covered_lines": 0, "num_statements": 12, "percent_covered": 0.0, "percent_covered_display": "0", "missing_lines": 12, "excluded_lines": 0}, "missing_lines": [246, 249, 250, 252, 254, 256, 257, 258, 260, 261, 262, 264], "excluded_lines": []}, "TaleManager.get_valid_categories": {"executed_lines": [], "summary": {"covered_lines": 0, "num_statements": 12, "percent_covered": 0.0, "percent_covered_display": "0", "missing_lines": 12, "excluded_lines": 0}, "missing_lines": [268, 270, 271, 273, 274, 277, 278, 279, 280, 281, 284, 286], "excluded_lines": []}, "TaleManager.create_tale": {"executed_lines": [], "summary": {"covered_lines": 0, "num_statements": 14, "percent_covered": 0.0, "percent_covered_display": "0", "missing_lines": 14, "excluded_lines": 0}, "missing_lines": [291, 294, 295, 297, 298, 299, 300, 303, 306, 307, 308, 310, 311, 313], "excluded_lines": []}, "TaleManager.load_tale": {"executed_lines": [], "summary": {"covered_lines": 0, "num_statements": 42, "percent_covered": 0.0, "percent_covered_display": "0", "missing_lines": 42, "excluded_lines": 0}, "missing_lines": [318, 319, 320, 321, 322, 323, 324, 325, 326, 329, 331, 332, 333, 334, 335, 338, 339, 341, 342, 343, 345, 346, 348, 350, 352, 353, 354, 356, 357, 360, 361, 362, 364, 365, 366, 368, 369, 371, 372, 373, 375, 376], "excluded_lines": []}, "TaleManager.update_tale": {"executed_lines": [], "summary": {"covered_lines": 0, "num_statements": 13, "percent_covered": 0.0, "percent_covered_display": "0", "missing_lines": 13, "excluded_lines": 0}, "missing_lines": [380, 381, 382, 383, 385, 388, 389, 392, 393, 394, 396, 397, 399], "excluded_lines": []}, "TaleManager.list_tales": {"executed_lines": [], "summary": {"covered_lines": 0, "num_statements": 5, "percent_covered": 0.0, "percent_covered_display": "0", "missing_lines": 5, "excluded_lines": 0}, "missing_lines": [403, 404, 406, 407, 409], "excluded_lines": []}, "TaleManager._scan_category_for_tales": {"executed_lines": [], "summary": {"covered_lines": 0, "num_statements": 13, "percent_covered": 0.0, "percent_covered_display": "0", "missing_lines": 13, "excluded_lines": 0}, "missing_lines": [413, 414, 415, 416, 418, 419, 421, 422, 423, 424, 425, 426, 428], "excluded_lines": []}, "TaleManager._extract_tale_info": {"executed_lines": [], "summary": {"covered_lines": 0, "num_statements": 8, "percent_covered": 0.0, "percent_covered_display": "0", "missing_lines": 8, "excluded_lines": 0}, "missing_lines": [432, 433, 434, 436, 438, 451, 452, 453], "excluded_lines": []}, "TaleManager._sort_tales_list": {"executed_lines": [], "summary": {"covered_lines": 0, "num_statements": 5, "percent_covered": 0.0, "percent_covered_display": "0", "missing_lines": 5, "excluded_lines": 0}, "missing_lines": [457, 465, 466, 467, 469], "excluded_lines": []}, "TaleManager.search_tales": {"executed_lines": [], "summary": {"covered_lines": 0, "num_statements": 27, "percent_covered": 0.0, "percent_covered_display": "0", "missing_lines": 27, "excluded_lines": 0}, "missing_lines": [473, 474, 476, 478, 479, 480, 483, 484, 485, 488, 489, 490, 491, 494, 496, 497, 498, 499, 502, 503, 504, 506, 507, 508, 509, 512, 514], "excluded_lines": []}, "TaleManager.delete_tale": {"executed_lines": [], "summary": {"covered_lines": 0, "num_statements": 39, "percent_covered": 0.0, "percent_covered_display": "0", "missing_lines": 39, "excluded_lines": 0}, "missing_lines": [518, 519, 520, 521, 524, 525, 526, 527, 528, 530, 532, 533, 534, 535, 536, 537, 539, 540, 541, 543, 545, 546, 548, 549, 550, 551, 552, 553, 556, 557, 558, 559, 560, 561, 564, 565, 566, 567, 569], "excluded_lines": []}, "TaleManager.backup_tales": {"executed_lines": [], "summary": {"covered_lines": 0, "num_statements": 21, "percent_covered": 0.0, "percent_covered_display": "0", "missing_lines": 21, "excluded_lines": 0}, "missing_lines": [573, 574, 575, 577, 578, 581, 583, 584, 585, 586, 587, 588, 591, 592, 593, 594, 595, 596, 597, 599, 600], "excluded_lines": []}, "TaleManager.get_statistics": {"executed_lines": [], "summary": {"covered_lines": 0, "num_statements": 13, "percent_covered": 0.0, "percent_covered_display": "0", "missing_lines": 13, "excluded_lines": 0}, "missing_lines": [604, 607, 608, 609, 610, 613, 614, 615, 616, 621, 622, 623, 625], "excluded_lines": []}, "TaleManager.health_check": {"executed_lines": [], "summary": {"covered_lines": 0, "num_statements": 38, "percent_covered": 0.0, "percent_covered_display": "0", "missing_lines": 38, "excluded_lines": 0}, "missing_lines": [629, 637, 638, 639, 640, 641, 644, 645, 646, 647, 648, 649, 652, 653, 654, 655, 656, 657, 658, 659, 660, 661, 662, 663, 664, 665, 666, 668, 669, 670, 673, 674, 675, 676, 677, 679, 680, 682], "excluded_lines": []}, "TaleManager.cleanup": {"executed_lines": [], "summary": {"covered_lines": 0, "num_statements": 9, "percent_covered": 0.0, "percent_covered_display": "0", "missing_lines": 9, "excluded_lines": 0}, "missing_lines": [687, 688, 690, 691, 692, 694, 695, 696, 698], "excluded_lines": []}, "TaleManager._save_tale_to_file": {"executed_lines": [], "summary": {"covered_lines": 0, "num_statements": 6, "percent_covered": 0.0, "percent_covered_display": "0", "missing_lines": 6, "excluded_lines": 0}, "missing_lines": [702, 703, 704, 705, 706, 707], "excluded_lines": []}, "": {"executed_lines": [3, 16, 17, 18, 19, 20, 23, 24, 26, 27, 29, 44, 45, 53, 63, 89, 90, 153, 160, 166, 167, 170, 189, 197, 217, 232, 244, 266, 288, 315, 378, 401, 411, 430, 455, 471, 516, 571, 602, 627, 684, 700], "summary": {"covered_lines": 39, "num_statements": 39, "percent_covered": 100.0, "percent_covered_display": "100", "missing_lines": 0, "excluded_lines": 0}, "missing_lines": [], "excluded_lines": []}}, "classes": {"Tale": {"executed_lines": [], "summary": {"covered_lines": 0, "num_statements": 85, "percent_covered": 0.0, "percent_covered_display": "0", "missing_lines": 85, "excluded_lines": 0}, "missing_lines": [31, 32, 33, 34, 35, 38, 39, 40, 41, 42, 48, 49, 50, 51, 55, 56, 58, 59, 61, 65, 68, 69, 70, 71, 72, 73, 74, 76, 77, 80, 81, 82, 84, 85, 87, 92, 93, 94, 95, 98, 99, 100, 102, 104, 106, 107, 108, 109, 111, 112, 113, 114, 115, 116, 117, 118, 119, 120, 121, 122, 123, 124, 125, 126, 127, 128, 129, 130, 131, 133, 135, 136, 137, 140, 141, 143, 146, 149, 151, 155, 156, 157, 158, 162, 163], "excluded_lines": []}, "TaleManager": {"executed_lines": [], "summary": {"covered_lines": 0, "num_statements": 297, "percent_covered": 0.0, "percent_covered_display": "0", "missing_lines": 297, "excluded_lines": 0}, "missing_lines": [198, 199, 202, 212, 213, 215, 219, 222, 223, 224, 227, 228, 229, 230, 234, 235, 236, 239, 240, 242, 246, 249, 250, 252, 254, 256, 257, 258, 260, 261, 262, 264, 268, 270, 271, 273, 274, 277, 278, 279, 280, 281, 284, 286, 291, 294, 295, 297, 298, 299, 300, 303, 306, 307, 308, 310, 311, 313, 318, 319, 320, 321, 322, 323, 324, 325, 326, 329, 331, 332, 333, 334, 335, 338, 339, 341, 342, 343, 345, 346, 348, 350, 352, 353, 354, 356, 357, 360, 361, 362, 364, 365, 366, 368, 369, 371, 372, 373, 375, 376, 380, 381, 382, 383, 385, 388, 389, 392, 393, 394, 396, 397, 399, 403, 404, 406, 407, 409, 413, 414, 415, 416, 418, 419, 421, 422, 423, 424, 425, 426, 428, 432, 433, 434, 436, 438, 451, 452, 453, 457, 465, 466, 467, 469, 473, 474, 476, 478, 479, 480, 483, 484, 485, 488, 489, 490, 491, 494, 496, 497, 498, 499, 502, 503, 504, 506, 507, 508, 509, 512, 514, 518, 519, 520, 521, 524, 525, 526, 527, 528, 530, 532, 533, 534, 535, 536, 537, 539, 540, 541, 543, 545, 546, 548, 549, 550, 551, 552, 553, 556, 557, 558, 559, 560, 561, 564, 565, 566, 567, 569, 573, 574, 575, 577, 578, 581, 583, 584, 585, 586, 587, 588, 591, 592, 593, 594, 595, 596, 597, 599, 600, 604, 607, 608, 609, 610, 613, 614, 615, 616, 621, 622, 623, 625, 629, 637, 638, 639, 640, 641, 644, 645, 646, 647, 648, 649, 652, 653, 654, 655, 656, 657, 658, 659, 660, 661, 662, 663, 664, 665, 666, 668, 669, 670, 673, 674, 675, 676, 677, 679, 680, 682, 687, 688, 690, 691, 692, 694, 695, 696, 698, 702, 703, 704, 705, 706, 707], "excluded_lines": []}, "": {"executed_lines": [3, 16, 17, 18, 19, 20, 23, 24, 26, 27, 29, 44, 45, 53, 63, 89, 90, 153, 160, 166, 167, 170, 189, 197, 217, 232, 244, 266, 288, 315, 378, 401, 411, 430, 455, 471, 516, 571, 602, 627, 684, 700], "summary": {"covered_lines": 39, "num_statements": 39, "percent_covered": 100.0, "percent_covered_display": "100", "missing_lines": 0, "excluded_lines": 0}, "missing_lines": [], "excluded_lines": []}}}, "src/memmimic/utils/__init__.py": {"executed_lines": [3, 7, 17], "summary": {"covered_lines": 2, "num_statements": 2, "percent_covered": 100.0, "percent_covered_display": "100", "missing_lines": 0, "excluded_lines": 0}, "missing_lines": [], "excluded_lines": [], "functions": {"": {"executed_lines": [3, 7, 17], "summary": {"covered_lines": 2, "num_statements": 2, "percent_covered": 100.0, "percent_covered_display": "100", "missing_lines": 0, "excluded_lines": 0}, "missing_lines": [], "excluded_lines": []}}, "classes": {"": {"executed_lines": [3, 7, 17], "summary": {"covered_lines": 2, "num_statements": 2, "percent_covered": 100.0, "percent_covered_display": "100", "missing_lines": 0, "excluded_lines": 0}, "missing_lines": [], "excluded_lines": []}}}, "src/memmimic/utils/caching.py": {"executed_lines": [3, 9, 10, 11, 12, 13, 14, 15, 17, 20, 23, 24, 30, 38, 39, 40, 41, 48, 69, 86, 101, 106, 123, 124, 125, 128, 146, 156, 157, 158, 177, 178, 181, 191, 192, 193, 212, 213, 216, 226, 227, 228, 247, 248, 252, 262, 265, 273, 287], "summary": {"covered_lines": 47, "num_statements": 117, "percent_covered": 40.17094017094017, "percent_covered_display": "40", "missing_lines": 70, "excluded_lines": 0}, "missing_lines": [50, 52, 53, 54, 56, 59, 60, 61, 62, 64, 65, 66, 67, 71, 72, 75, 76, 78, 88, 89, 92, 97, 98, 99, 103, 104, 108, 109, 114, 130, 132, 138, 139, 141, 142, 143, 160, 163, 164, 165, 166, 169, 170, 173, 175, 195, 198, 199, 200, 201, 204, 205, 208, 210, 230, 233, 234, 235, 236, 239, 240, 243, 245, 267, 268, 269, 270, 275, 294, 298], "excluded_lines": [], "functions": {"MemMimicCache.__init__": {"executed_lines": [38, 39, 40, 41], "summary": {"covered_lines": 4, "num_statements": 4, "percent_covered": 100.0, "percent_covered_display": "100", "missing_lines": 0, "excluded_lines": 0}, "missing_lines": [], "excluded_lines": []}, "MemMimicCache.get": {"executed_lines": [], "summary": {"covered_lines": 0, "num_statements": 13, "percent_covered": 0.0, "percent_covered_display": "0", "missing_lines": 13, "excluded_lines": 0}, "missing_lines": [50, 52, 53, 54, 56, 59, 60, 61, 62, 64, 65, 66, 67], "excluded_lines": []}, "MemMimicCache.set": {"executed_lines": [], "summary": {"covered_lines": 0, "num_statements": 5, "percent_covered": 0.0, "percent_covered_display": "0", "missing_lines": 5, "excluded_lines": 0}, "missing_lines": [71, 72, 75, 76, 78], "excluded_lines": []}, "MemMimicCache._evict_lru": {"executed_lines": [], "summary": {"covered_lines": 0, "num_statements": 6, "percent_covered": 0.0, "percent_covered_display": "0", "missing_lines": 6, "excluded_lines": 0}, "missing_lines": [88, 89, 92, 97, 98, 99], "excluded_lines": []}, "MemMimicCache.clear": {"executed_lines": [], "summary": {"covered_lines": 0, "num_statements": 2, "percent_covered": 0.0, "percent_covered_display": "0", "missing_lines": 2, "excluded_lines": 0}, "missing_lines": [103, 104], "excluded_lines": []}, "MemMimicCache.get_stats": {"executed_lines": [], "summary": {"covered_lines": 0, "num_statements": 3, "percent_covered": 0.0, "percent_covered_display": "0", "missing_lines": 3, "excluded_lines": 0}, "missing_lines": [108, 109, 114], "excluded_lines": []}, "_generate_cache_key": {"executed_lines": [], "summary": {"covered_lines": 0, "num_statements": 7, "percent_covered": 0.0, "percent_covered_display": "0", "missing_lines": 7, "excluded_lines": 0}, "missing_lines": [130, 132, 138, 139, 141, 142, 143], "excluded_lines": []}, "cached_cxd_operation": {"executed_lines": [156, 157, 178], "summary": {"covered_lines": 3, "num_statements": 3, "percent_covered": 100.0, "percent_covered_display": "100", "missing_lines": 0, "excluded_lines": 0}, "missing_lines": [], "excluded_lines": []}, "cached_cxd_operation.decorator": {"executed_lines": [158, 177], "summary": {"covered_lines": 2, "num_statements": 2, "percent_covered": 100.0, "percent_covered_display": "100", "missing_lines": 0, "excluded_lines": 0}, "missing_lines": [], "excluded_lines": []}, "cached_cxd_operation.decorator.wrapper": {"executed_lines": [], "summary": {"covered_lines": 0, "num_statements": 9, "percent_covered": 0.0, "percent_covered_display": "0", "missing_lines": 9, "excluded_lines": 0}, "missing_lines": [160, 163, 164, 165, 166, 169, 170, 173, 175], "excluded_lines": []}, "cached_memory_operation": {"executed_lines": [191, 192, 213], "summary": {"covered_lines": 3, "num_statements": 3, "percent_covered": 100.0, "percent_covered_display": "100", "missing_lines": 0, "excluded_lines": 0}, "missing_lines": [], "excluded_lines": []}, "cached_memory_operation.decorator": {"executed_lines": [193, 212], "summary": {"covered_lines": 2, "num_statements": 2, "percent_covered": 100.0, "percent_covered_display": "100", "missing_lines": 0, "excluded_lines": 0}, "missing_lines": [], "excluded_lines": []}, "cached_memory_operation.decorator.wrapper": {"executed_lines": [], "summary": {"covered_lines": 0, "num_statements": 9, "percent_covered": 0.0, "percent_covered_display": "0", "missing_lines": 9, "excluded_lines": 0}, "missing_lines": [195, 198, 199, 200, 201, 204, 205, 208, 210], "excluded_lines": []}, "cached_embedding_operation": {"executed_lines": [226, 227, 248], "summary": {"covered_lines": 3, "num_statements": 3, "percent_covered": 100.0, "percent_covered_display": "100", "missing_lines": 0, "excluded_lines": 0}, "missing_lines": [], "excluded_lines": []}, "cached_embedding_operation.decorator": {"executed_lines": [228, 247], "summary": {"covered_lines": 2, "num_statements": 2, "percent_covered": 100.0, "percent_covered_display": "100", "missing_lines": 0, "excluded_lines": 0}, "missing_lines": [], "excluded_lines": []}, "cached_embedding_operation.decorator.wrapper": {"executed_lines": [], "summary": {"covered_lines": 0, "num_statements": 9, "percent_covered": 0.0, "percent_covered_display": "0", "missing_lines": 9, "excluded_lines": 0}, "missing_lines": [230, 233, 234, 235, 236, 239, 240, 243, 245], "excluded_lines": []}, "lru_cached": {"executed_lines": [262], "summary": {"covered_lines": 1, "num_statements": 1, "percent_covered": 100.0, "percent_covered_display": "100", "missing_lines": 0, "excluded_lines": 0}, "missing_lines": [], "excluded_lines": []}, "clear_all_caches": {"executed_lines": [], "summary": {"covered_lines": 0, "num_statements": 4, "percent_covered": 0.0, "percent_covered_display": "0", "missing_lines": 4, "excluded_lines": 0}, "missing_lines": [267, 268, 269, 270], "excluded_lines": []}, "get_cache_statistics": {"executed_lines": [], "summary": {"covered_lines": 0, "num_statements": 1, "percent_covered": 0.0, "percent_covered_display": "0", "missing_lines": 1, "excluded_lines": 0}, "missing_lines": [275], "excluded_lines": []}, "warm_up_cache": {"executed_lines": [], "summary": {"covered_lines": 0, "num_statements": 2, "percent_covered": 0.0, "percent_covered_display": "0", "missing_lines": 2, "excluded_lines": 0}, "missing_lines": [294, 298], "excluded_lines": []}, "": {"executed_lines": [3, 9, 10, 11, 12, 13, 14, 15, 17, 20, 23, 24, 30, 48, 69, 86, 101, 106, 123, 124, 125, 128, 146, 181, 216, 252, 265, 273, 287], "summary": {"covered_lines": 27, "num_statements": 27, "percent_covered": 100.0, "percent_covered_display": "100", "missing_lines": 0, "excluded_lines": 0}, "missing_lines": [], "excluded_lines": []}}, "classes": {"MemMimicCache": {"executed_lines": [38, 39, 40, 41], "summary": {"covered_lines": 4, "num_statements": 33, "percent_covered": 12.121212121212121, "percent_covered_display": "12", "missing_lines": 29, "excluded_lines": 0}, "missing_lines": [50, 52, 53, 54, 56, 59, 60, 61, 62, 64, 65, 66, 67, 71, 72, 75, 76, 78, 88, 89, 92, 97, 98, 99, 103, 104, 108, 109, 114], "excluded_lines": []}, "": {"executed_lines": [3, 9, 10, 11, 12, 13, 14, 15, 17, 20, 23, 24, 30, 48, 69, 86, 101, 106, 123, 124, 125, 128, 146, 156, 157, 158, 177, 178, 181, 191, 192, 193, 212, 213, 216, 226, 227, 228, 247, 248, 252, 262, 265, 273, 287], "summary": {"covered_lines": 43, "num_statements": 84, "percent_covered": 51.19047619047619, "percent_covered_display": "51", "missing_lines": 41, "excluded_lines": 0}, "missing_lines": [130, 132, 138, 139, 141, 142, 143, 160, 163, 164, 165, 166, 169, 170, 173, 175, 195, 198, 199, 200, 201, 204, 205, 208, 210, 230, 233, 234, 235, 236, 239, 240, 243, 245, 267, 268, 269, 270, 275, 294, 298], "excluded_lines": []}}}}, "totals": {"covered_lines": 2893, "num_statements": 16403, "percent_covered": 17.637017618728283, "percent_covered_display": "18", "missing_lines": 13510, "excluded_lines": 0}}